2024-06-10 14:47:16,833 - Processing Coin: Concatenated-BTCUSDT-1d-2023-4-concatenated
2024-06-10 14:47:16,873 - Completed Strategy: MACD & SMA, Coin: Concatenated-BTCUSDT-1d-2023-4-concatenated, Profit: 10000, Use Case: Trend direction and momentum, Timeframe: 1D

2024-06-10 14:47:16,874 - Completed Strategy: MACD & Ichimoku, Coin: Concatenated-BTCUSDT-1d-2023-4-concatenated, Profit: 10000, Use Case: Comprehensive trend and momentum analysis, Timeframe: 4H

2024-06-10 14:47:16,875 - Completed Strategy: MACD & Donchian, Coin: Concatenated-BTCUSDT-1d-2023-4-concatenated, Profit: 10000, Use Case: Breakout and momentum confirmation, Timeframe: 1H

2024-06-10 14:47:16,879 - Completed Strategy: MACD & RSI65, Coin: Concatenated-BTCUSDT-1d-2023-4-concatenated, Profit: 10000, Use Case: Identifying and confirming trend reversals, Timeframe: 1H

2024-06-10 14:47:16,880 - Completed Strategy: MACD & RSI66, Coin: Concatenated-BTCUSDT-1d-2023-4-concatenated, Profit: 10000, Use Case: Identifying and confirming trend reversals, Timeframe: 1H

2024-06-10 14:47:16,880 - Completed Strategy: MACD & RSI67, Coin: Concatenated-BTCUSDT-1d-2023-4-concatenated, Profit: 10000, Use Case: Identifying and confirming trend reversals, Timeframe: 1H

2024-06-10 14:47:16,881 - Completed Strategy: MACD & RSI68, Coin: Concatenated-BTCUSDT-1d-2023-4-concatenated, Profit: 10000, Use Case: Identifying and confirming trend reversals, Timeframe: 1H

2024-06-10 14:47:16,882 - Completed Strategy: MACD & RSI69, Coin: Concatenated-BTCUSDT-1d-2023-4-concatenated, Profit: 10000, Use Case: Identifying and confirming trend reversals, Timeframe: 1H

2024-06-10 14:47:16,883 - Completed Strategy: MACD & RSI70, Coin: Concatenated-BTCUSDT-1d-2023-4-concatenated, Profit: 10000, Use Case: Identifying and confirming trend reversals, Timeframe: 1H

2024-06-10 14:47:16,883 - Completed Strategy: MACD & RSI71, Coin: Concatenated-BTCUSDT-1d-2023-4-concatenated, Profit: 10000, Use Case: Identifying and confirming trend reversals, Timeframe: 1H

2024-06-10 14:47:16,884 - Completed Strategy: MACD & RSI72, Coin: Concatenated-BTCUSDT-1d-2023-4-concatenated, Profit: 10000, Use Case: Identifying and confirming trend reversals, Timeframe: 1H

2024-06-10 14:47:16,885 - Completed Strategy: MACD & RSI73, Coin: Concatenated-BTCUSDT-1d-2023-4-concatenated, Profit: 10000, Use Case: Identifying and confirming trend reversals, Timeframe: 1H

2024-06-10 14:47:16,885 - Completed Strategy: MACD & RSI74, Coin: Concatenated-BTCUSDT-1d-2023-4-concatenated, Profit: 10000, Use Case: Identifying and confirming trend reversals, Timeframe: 1H

2024-06-10 14:47:16,886 - Completed Strategy: MACD & RSI75, Coin: Concatenated-BTCUSDT-1d-2023-4-concatenated, Profit: 10000, Use Case: Identifying and confirming trend reversals, Timeframe: 1H

2024-06-10 14:47:16,887 - Completed Strategy: MACD & Stochastic14_3_80_20, Coin: Concatenated-BTCUSDT-1d-2023-4-concatenated, Profit: 10000, Use Case: Momentum and trend confirmation, Timeframe: 1H

2024-06-10 14:47:16,888 - Completed Strategy: MACD & Stochastic14_3_85_15, Coin: Concatenated-BTCUSDT-1d-2023-4-concatenated, Profit: 10000, Use Case: Momentum and trend confirmation, Timeframe: 1H

2024-06-10 14:47:16,888 - Completed Strategy: MACD & Stochastic10_3_80_20, Coin: Concatenated-BTCUSDT-1d-2023-4-concatenated, Profit: 10000, Use Case: Momentum and trend confirmation, Timeframe: 1H

2024-06-10 14:47:16,889 - Completed Strategy: MACD & Stochastic10_3_85_15, Coin: Concatenated-BTCUSDT-1d-2023-4-concatenated, Profit: 10000, Use Case: Momentum and trend confirmation, Timeframe: 1H

2024-06-10 14:47:16,890 - Completed Strategy: MACD & Stochastic21_5_80_20, Coin: Concatenated-BTCUSDT-1d-2023-4-concatenated, Profit: 10000, Use Case: Momentum and trend confirmation, Timeframe: 1H

2024-06-10 14:47:16,890 - Completed Strategy: MACD & Stochastic21_5_85_15, Coin: Concatenated-BTCUSDT-1d-2023-4-concatenated, Profit: 10000, Use Case: Momentum and trend confirmation, Timeframe: 1H

2024-06-10 14:47:16,891 - Unknown use case for strategy SMA & Ichimoku
2024-06-10 14:47:16,891 - Completed Strategy: SMA & Ichimoku, Coin: Concatenated-BTCUSDT-1d-2023-4-concatenated, Profit: 10000, Use Case: Unknown Use Case, Timeframe: Unknown Timeframe

2024-06-10 14:47:16,892 - Unknown use case for strategy SMA & Donchian
2024-06-10 14:47:16,892 - Completed Strategy: SMA & Donchian, Coin: Concatenated-BTCUSDT-1d-2023-4-concatenated, Profit: 10000, Use Case: Unknown Use Case, Timeframe: Unknown Timeframe

2024-06-10 14:47:16,893 - Completed Strategy: SMA & RSI65, Coin: Concatenated-BTCUSDT-1d-2023-4-concatenated, Profit: 10000, Use Case: Trend direction and entry/exit timing, Timeframe: 1D

2024-06-10 14:47:16,894 - Completed Strategy: SMA & RSI66, Coin: Concatenated-BTCUSDT-1d-2023-4-concatenated, Profit: 10000, Use Case: Trend direction and entry/exit timing, Timeframe: 1D

2024-06-10 14:47:16,894 - Completed Strategy: SMA & RSI67, Coin: Concatenated-BTCUSDT-1d-2023-4-concatenated, Profit: 10000, Use Case: Trend direction and entry/exit timing, Timeframe: 1D

2024-06-10 14:47:16,895 - Completed Strategy: SMA & RSI68, Coin: Concatenated-BTCUSDT-1d-2023-4-concatenated, Profit: 10000, Use Case: Trend direction and entry/exit timing, Timeframe: 1D

2024-06-10 14:47:16,896 - Completed Strategy: SMA & RSI69, Coin: Concatenated-BTCUSDT-1d-2023-4-concatenated, Profit: 10000, Use Case: Trend direction and entry/exit timing, Timeframe: 1D

2024-06-10 14:47:16,897 - Completed Strategy: SMA & RSI70, Coin: Concatenated-BTCUSDT-1d-2023-4-concatenated, Profit: 10000, Use Case: Trend direction and entry/exit timing, Timeframe: 1D

2024-06-10 14:47:16,897 - Completed Strategy: SMA & RSI71, Coin: Concatenated-BTCUSDT-1d-2023-4-concatenated, Profit: 10000, Use Case: Trend direction and entry/exit timing, Timeframe: 1D

2024-06-10 14:47:16,898 - Completed Strategy: SMA & RSI72, Coin: Concatenated-BTCUSDT-1d-2023-4-concatenated, Profit: 10000, Use Case: Trend direction and entry/exit timing, Timeframe: 1D

2024-06-10 14:47:16,899 - Completed Strategy: SMA & RSI73, Coin: Concatenated-BTCUSDT-1d-2023-4-concatenated, Profit: 10000, Use Case: Trend direction and entry/exit timing, Timeframe: 1D

2024-06-10 14:47:16,899 - Completed Strategy: SMA & RSI74, Coin: Concatenated-BTCUSDT-1d-2023-4-concatenated, Profit: 10000, Use Case: Trend direction and entry/exit timing, Timeframe: 1D

2024-06-10 14:47:16,900 - Completed Strategy: SMA & RSI75, Coin: Concatenated-BTCUSDT-1d-2023-4-concatenated, Profit: 10000, Use Case: Trend direction and entry/exit timing, Timeframe: 1D

2024-06-10 14:47:16,901 - Unknown use case for strategy SMA & Stochastic14_3_80_20
2024-06-10 14:47:16,901 - Completed Strategy: SMA & Stochastic14_3_80_20, Coin: Concatenated-BTCUSDT-1d-2023-4-concatenated, Profit: 10000, Use Case: Unknown Use Case, Timeframe: Unknown Timeframe

2024-06-10 14:47:16,902 - Unknown use case for strategy SMA & Stochastic14_3_85_15
2024-06-10 14:47:16,902 - Completed Strategy: SMA & Stochastic14_3_85_15, Coin: Concatenated-BTCUSDT-1d-2023-4-concatenated, Profit: 10000, Use Case: Unknown Use Case, Timeframe: Unknown Timeframe

2024-06-10 14:47:16,903 - Unknown use case for strategy SMA & Stochastic10_3_80_20
2024-06-10 14:47:16,903 - Completed Strategy: SMA & Stochastic10_3_80_20, Coin: Concatenated-BTCUSDT-1d-2023-4-concatenated, Profit: 10000, Use Case: Unknown Use Case, Timeframe: Unknown Timeframe

2024-06-10 14:47:16,903 - Unknown use case for strategy SMA & Stochastic10_3_85_15
2024-06-10 14:47:16,903 - Completed Strategy: SMA & Stochastic10_3_85_15, Coin: Concatenated-BTCUSDT-1d-2023-4-concatenated, Profit: 10000, Use Case: Unknown Use Case, Timeframe: Unknown Timeframe

2024-06-10 14:47:16,904 - Unknown use case for strategy SMA & Stochastic21_5_80_20
2024-06-10 14:47:16,904 - Completed Strategy: SMA & Stochastic21_5_80_20, Coin: Concatenated-BTCUSDT-1d-2023-4-concatenated, Profit: 10000, Use Case: Unknown Use Case, Timeframe: Unknown Timeframe

2024-06-10 14:47:16,905 - Unknown use case for strategy SMA & Stochastic21_5_85_15
2024-06-10 14:47:16,905 - Completed Strategy: SMA & Stochastic21_5_85_15, Coin: Concatenated-BTCUSDT-1d-2023-4-concatenated, Profit: 10000, Use Case: Unknown Use Case, Timeframe: Unknown Timeframe

2024-06-10 14:47:16,906 - Unknown use case for strategy Ichimoku & Donchian
2024-06-10 14:47:16,906 - Completed Strategy: Ichimoku & Donchian, Coin: Concatenated-BTCUSDT-1d-2023-4-concatenated, Profit: 10000, Use Case: Unknown Use Case, Timeframe: Unknown Timeframe

2024-06-10 14:47:16,906 - Completed Strategy: Ichimoku & RSI65, Coin: Concatenated-BTCUSDT-1d-2023-4-concatenated, Profit: 10000, Use Case: Trend direction and momentum confirmation, Timeframe: 4H

2024-06-10 14:47:16,907 - Completed Strategy: Ichimoku & RSI66, Coin: Concatenated-BTCUSDT-1d-2023-4-concatenated, Profit: 10000, Use Case: Trend direction and momentum confirmation, Timeframe: 4H

2024-06-10 14:47:16,908 - Completed Strategy: Ichimoku & RSI67, Coin: Concatenated-BTCUSDT-1d-2023-4-concatenated, Profit: 10000, Use Case: Trend direction and momentum confirmation, Timeframe: 4H

2024-06-10 14:47:16,909 - Completed Strategy: Ichimoku & RSI68, Coin: Concatenated-BTCUSDT-1d-2023-4-concatenated, Profit: 10000, Use Case: Trend direction and momentum confirmation, Timeframe: 4H

2024-06-10 14:47:16,909 - Completed Strategy: Ichimoku & RSI69, Coin: Concatenated-BTCUSDT-1d-2023-4-concatenated, Profit: 10000, Use Case: Trend direction and momentum confirmation, Timeframe: 4H

2024-06-10 14:47:16,910 - Completed Strategy: Ichimoku & RSI70, Coin: Concatenated-BTCUSDT-1d-2023-4-concatenated, Profit: 10000, Use Case: Trend direction and momentum confirmation, Timeframe: 4H

2024-06-10 14:47:16,911 - Completed Strategy: Ichimoku & RSI71, Coin: Concatenated-BTCUSDT-1d-2023-4-concatenated, Profit: 10000, Use Case: Trend direction and momentum confirmation, Timeframe: 4H

2024-06-10 14:47:16,911 - Completed Strategy: Ichimoku & RSI72, Coin: Concatenated-BTCUSDT-1d-2023-4-concatenated, Profit: 10000, Use Case: Trend direction and momentum confirmation, Timeframe: 4H

2024-06-10 14:47:16,912 - Completed Strategy: Ichimoku & RSI73, Coin: Concatenated-BTCUSDT-1d-2023-4-concatenated, Profit: 10000, Use Case: Trend direction and momentum confirmation, Timeframe: 4H

2024-06-10 14:47:16,913 - Completed Strategy: Ichimoku & RSI74, Coin: Concatenated-BTCUSDT-1d-2023-4-concatenated, Profit: 10000, Use Case: Trend direction and momentum confirmation, Timeframe: 4H

2024-06-10 14:47:16,914 - Completed Strategy: Ichimoku & RSI75, Coin: Concatenated-BTCUSDT-1d-2023-4-concatenated, Profit: 10000, Use Case: Trend direction and momentum confirmation, Timeframe: 4H

2024-06-10 14:47:16,914 - Unknown use case for strategy Ichimoku & Stochastic14_3_80_20
2024-06-10 14:47:16,914 - Completed Strategy: Ichimoku & Stochastic14_3_80_20, Coin: Concatenated-BTCUSDT-1d-2023-4-concatenated, Profit: 10000, Use Case: Unknown Use Case, Timeframe: Unknown Timeframe

2024-06-10 14:47:16,915 - Unknown use case for strategy Ichimoku & Stochastic14_3_85_15
2024-06-10 14:47:16,915 - Completed Strategy: Ichimoku & Stochastic14_3_85_15, Coin: Concatenated-BTCUSDT-1d-2023-4-concatenated, Profit: 10000, Use Case: Unknown Use Case, Timeframe: Unknown Timeframe

2024-06-10 14:47:16,916 - Unknown use case for strategy Ichimoku & Stochastic10_3_80_20
2024-06-10 14:47:16,916 - Completed Strategy: Ichimoku & Stochastic10_3_80_20, Coin: Concatenated-BTCUSDT-1d-2023-4-concatenated, Profit: 10000, Use Case: Unknown Use Case, Timeframe: Unknown Timeframe

2024-06-10 14:47:16,917 - Unknown use case for strategy Ichimoku & Stochastic10_3_85_15
2024-06-10 14:47:16,917 - Completed Strategy: Ichimoku & Stochastic10_3_85_15, Coin: Concatenated-BTCUSDT-1d-2023-4-concatenated, Profit: 10000, Use Case: Unknown Use Case, Timeframe: Unknown Timeframe

2024-06-10 14:47:16,917 - Unknown use case for strategy Ichimoku & Stochastic21_5_80_20
2024-06-10 14:47:16,918 - Completed Strategy: Ichimoku & Stochastic21_5_80_20, Coin: Concatenated-BTCUSDT-1d-2023-4-concatenated, Profit: 10000, Use Case: Unknown Use Case, Timeframe: Unknown Timeframe

2024-06-10 14:47:16,918 - Unknown use case for strategy Ichimoku & Stochastic21_5_85_15
2024-06-10 14:47:16,918 - Completed Strategy: Ichimoku & Stochastic21_5_85_15, Coin: Concatenated-BTCUSDT-1d-2023-4-concatenated, Profit: 10000, Use Case: Unknown Use Case, Timeframe: Unknown Timeframe

2024-06-10 14:47:16,919 - Completed Strategy: Donchian & RSI65, Coin: Concatenated-BTCUSDT-1d-2023-4-concatenated, Profit: 10000, Use Case: Overbought/oversold conditions and breakout confirmation, Timeframe: 1H

2024-06-10 14:47:16,920 - Completed Strategy: Donchian & RSI66, Coin: Concatenated-BTCUSDT-1d-2023-4-concatenated, Profit: 10000, Use Case: Overbought/oversold conditions and breakout confirmation, Timeframe: 1H

2024-06-10 14:47:16,921 - Completed Strategy: Donchian & RSI67, Coin: Concatenated-BTCUSDT-1d-2023-4-concatenated, Profit: 10000, Use Case: Overbought/oversold conditions and breakout confirmation, Timeframe: 1H

2024-06-10 14:47:16,921 - Completed Strategy: Donchian & RSI68, Coin: Concatenated-BTCUSDT-1d-2023-4-concatenated, Profit: 10000, Use Case: Overbought/oversold conditions and breakout confirmation, Timeframe: 1H

2024-06-10 14:47:16,922 - Completed Strategy: Donchian & RSI69, Coin: Concatenated-BTCUSDT-1d-2023-4-concatenated, Profit: 10000, Use Case: Overbought/oversold conditions and breakout confirmation, Timeframe: 1H

2024-06-10 14:47:16,923 - Completed Strategy: Donchian & RSI70, Coin: Concatenated-BTCUSDT-1d-2023-4-concatenated, Profit: 10000, Use Case: Overbought/oversold conditions and breakout confirmation, Timeframe: 1H

2024-06-10 14:47:16,923 - Completed Strategy: Donchian & RSI71, Coin: Concatenated-BTCUSDT-1d-2023-4-concatenated, Profit: 10000, Use Case: Overbought/oversold conditions and breakout confirmation, Timeframe: 1H

2024-06-10 14:47:16,924 - Completed Strategy: Donchian & RSI72, Coin: Concatenated-BTCUSDT-1d-2023-4-concatenated, Profit: 10000, Use Case: Overbought/oversold conditions and breakout confirmation, Timeframe: 1H

2024-06-10 14:47:16,925 - Completed Strategy: Donchian & RSI73, Coin: Concatenated-BTCUSDT-1d-2023-4-concatenated, Profit: 10000, Use Case: Overbought/oversold conditions and breakout confirmation, Timeframe: 1H

2024-06-10 14:47:16,925 - Completed Strategy: Donchian & RSI74, Coin: Concatenated-BTCUSDT-1d-2023-4-concatenated, Profit: 10000, Use Case: Overbought/oversold conditions and breakout confirmation, Timeframe: 1H

2024-06-10 14:47:16,926 - Completed Strategy: Donchian & RSI75, Coin: Concatenated-BTCUSDT-1d-2023-4-concatenated, Profit: 10000, Use Case: Overbought/oversold conditions and breakout confirmation, Timeframe: 1H

2024-06-10 14:47:16,927 - Unknown use case for strategy Donchian & Stochastic14_3_80_20
2024-06-10 14:47:16,927 - Completed Strategy: Donchian & Stochastic14_3_80_20, Coin: Concatenated-BTCUSDT-1d-2023-4-concatenated, Profit: 10000, Use Case: Unknown Use Case, Timeframe: Unknown Timeframe

2024-06-10 14:47:16,927 - Unknown use case for strategy Donchian & Stochastic14_3_85_15
2024-06-10 14:47:16,927 - Completed Strategy: Donchian & Stochastic14_3_85_15, Coin: Concatenated-BTCUSDT-1d-2023-4-concatenated, Profit: 10000, Use Case: Unknown Use Case, Timeframe: Unknown Timeframe

2024-06-10 14:47:16,928 - Unknown use case for strategy Donchian & Stochastic10_3_80_20
2024-06-10 14:47:16,928 - Completed Strategy: Donchian & Stochastic10_3_80_20, Coin: Concatenated-BTCUSDT-1d-2023-4-concatenated, Profit: 10000, Use Case: Unknown Use Case, Timeframe: Unknown Timeframe

2024-06-10 14:47:16,929 - Unknown use case for strategy Donchian & Stochastic10_3_85_15
2024-06-10 14:47:16,929 - Completed Strategy: Donchian & Stochastic10_3_85_15, Coin: Concatenated-BTCUSDT-1d-2023-4-concatenated, Profit: 10000, Use Case: Unknown Use Case, Timeframe: Unknown Timeframe

2024-06-10 14:47:16,930 - Unknown use case for strategy Donchian & Stochastic21_5_80_20
2024-06-10 14:47:16,930 - Completed Strategy: Donchian & Stochastic21_5_80_20, Coin: Concatenated-BTCUSDT-1d-2023-4-concatenated, Profit: 10000, Use Case: Unknown Use Case, Timeframe: Unknown Timeframe

2024-06-10 14:47:16,931 - Unknown use case for strategy Donchian & Stochastic21_5_85_15
2024-06-10 14:47:16,931 - Completed Strategy: Donchian & Stochastic21_5_85_15, Coin: Concatenated-BTCUSDT-1d-2023-4-concatenated, Profit: 10000, Use Case: Unknown Use Case, Timeframe: Unknown Timeframe

2024-06-10 14:47:16,931 - Unknown use case for strategy RSI65 & Stochastic14_3_80_20
2024-06-10 14:47:16,931 - Completed Strategy: RSI65 & Stochastic14_3_80_20, Coin: Concatenated-BTCUSDT-1d-2023-4-concatenated, Profit: 10000, Use Case: Unknown Use Case, Timeframe: Unknown Timeframe

2024-06-10 14:47:16,932 -   BUY: Strategy=RSI65 & Stochastic14_3_85_15, Price=29222.78
2024-06-10 14:47:16,932 -   SELL: Strategy=RSI65 & Stochastic14_3_85_15, Price=27210.26
2024-06-10 14:47:16,932 - Unknown use case for strategy RSI65 & Stochastic14_3_85_15
2024-06-10 14:47:16,932 - Completed Strategy: RSI65 & Stochastic14_3_85_15, Coin: Concatenated-BTCUSDT-1d-2023-4-concatenated, Profit: 9311.31808814904, Use Case: Unknown Use Case, Timeframe: Unknown Timeframe

2024-06-10 14:47:16,933 -   BUY: Strategy=RSI65 & Stochastic10_3_80_20, Price=39568.02
2024-06-10 14:47:16,933 -   SELL: Strategy=RSI65 & Stochastic10_3_80_20, Price=66206.5
2024-06-10 14:47:16,933 - Unknown use case for strategy RSI65 & Stochastic10_3_80_20
2024-06-10 14:47:16,933 - Completed Strategy: RSI65 & Stochastic10_3_80_20, Coin: Concatenated-BTCUSDT-1d-2023-4-concatenated, Profit: 16732.325751958273, Use Case: Unknown Use Case, Timeframe: Unknown Timeframe

2024-06-10 14:47:16,934 -   BUY: Strategy=RSI65 & Stochastic10_3_85_15, Price=39568.02
2024-06-10 14:47:16,934 -   SELL: Strategy=RSI65 & Stochastic10_3_85_15, Price=66206.5
2024-06-10 14:47:16,934 - Unknown use case for strategy RSI65 & Stochastic10_3_85_15
2024-06-10 14:47:16,934 - Completed Strategy: RSI65 & Stochastic10_3_85_15, Coin: Concatenated-BTCUSDT-1d-2023-4-concatenated, Profit: 16732.325751958273, Use Case: Unknown Use Case, Timeframe: Unknown Timeframe

2024-06-10 14:47:16,935 - Unknown use case for strategy RSI65 & Stochastic21_5_80_20
2024-06-10 14:47:16,935 - Completed Strategy: RSI65 & Stochastic21_5_80_20, Coin: Concatenated-BTCUSDT-1d-2023-4-concatenated, Profit: 10000, Use Case: Unknown Use Case, Timeframe: Unknown Timeframe

2024-06-10 14:47:16,935 -   BUY: Strategy=RSI65 & Stochastic21_5_85_15, Price=29222.78
2024-06-10 14:47:16,935 -   SELL: Strategy=RSI65 & Stochastic21_5_85_15, Price=27992.57
2024-06-10 14:47:16,935 - Unknown use case for strategy RSI65 & Stochastic21_5_85_15
2024-06-10 14:47:16,935 - Completed Strategy: RSI65 & Stochastic21_5_85_15, Coin: Concatenated-BTCUSDT-1d-2023-4-concatenated, Profit: 9579.023624720168, Use Case: Unknown Use Case, Timeframe: Unknown Timeframe

2024-06-10 14:47:16,936 - Unknown use case for strategy RSI66 & Stochastic14_3_80_20
2024-06-10 14:47:16,936 - Completed Strategy: RSI66 & Stochastic14_3_80_20, Coin: Concatenated-BTCUSDT-1d-2023-4-concatenated, Profit: 10000, Use Case: Unknown Use Case, Timeframe: Unknown Timeframe

2024-06-10 14:47:16,936 -   BUY: Strategy=RSI66 & Stochastic14_3_85_15, Price=29222.78
2024-06-10 14:47:16,936 -   SELL: Strategy=RSI66 & Stochastic14_3_85_15, Price=27210.26
2024-06-10 14:47:16,937 - Unknown use case for strategy RSI66 & Stochastic14_3_85_15
2024-06-10 14:47:16,937 - Completed Strategy: RSI66 & Stochastic14_3_85_15, Coin: Concatenated-BTCUSDT-1d-2023-4-concatenated, Profit: 9311.31808814904, Use Case: Unknown Use Case, Timeframe: Unknown Timeframe

2024-06-10 14:47:16,937 -   BUY: Strategy=RSI66 & Stochastic10_3_80_20, Price=39568.02
2024-06-10 14:47:16,937 -   SELL: Strategy=RSI66 & Stochastic10_3_80_20, Price=66206.5
2024-06-10 14:47:16,937 - Unknown use case for strategy RSI66 & Stochastic10_3_80_20
2024-06-10 14:47:16,937 - Completed Strategy: RSI66 & Stochastic10_3_80_20, Coin: Concatenated-BTCUSDT-1d-2023-4-concatenated, Profit: 16732.325751958273, Use Case: Unknown Use Case, Timeframe: Unknown Timeframe

2024-06-10 14:47:16,938 -   BUY: Strategy=RSI66 & Stochastic10_3_85_15, Price=39568.02
2024-06-10 14:47:16,938 -   SELL: Strategy=RSI66 & Stochastic10_3_85_15, Price=66206.5
2024-06-10 14:47:16,938 - Unknown use case for strategy RSI66 & Stochastic10_3_85_15
2024-06-10 14:47:16,938 - Completed Strategy: RSI66 & Stochastic10_3_85_15, Coin: Concatenated-BTCUSDT-1d-2023-4-concatenated, Profit: 16732.325751958273, Use Case: Unknown Use Case, Timeframe: Unknown Timeframe

2024-06-10 14:47:16,939 - Unknown use case for strategy RSI66 & Stochastic21_5_80_20
2024-06-10 14:47:16,939 - Completed Strategy: RSI66 & Stochastic21_5_80_20, Coin: Concatenated-BTCUSDT-1d-2023-4-concatenated, Profit: 10000, Use Case: Unknown Use Case, Timeframe: Unknown Timeframe

2024-06-10 14:47:16,939 -   BUY: Strategy=RSI66 & Stochastic21_5_85_15, Price=29222.78
2024-06-10 14:47:16,939 -   SELL: Strategy=RSI66 & Stochastic21_5_85_15, Price=27992.57
2024-06-10 14:47:16,939 - Unknown use case for strategy RSI66 & Stochastic21_5_85_15
2024-06-10 14:47:16,939 - Completed Strategy: RSI66 & Stochastic21_5_85_15, Coin: Concatenated-BTCUSDT-1d-2023-4-concatenated, Profit: 9579.023624720168, Use Case: Unknown Use Case, Timeframe: Unknown Timeframe

2024-06-10 14:47:16,940 - Unknown use case for strategy RSI67 & Stochastic14_3_80_20
2024-06-10 14:47:16,940 - Completed Strategy: RSI67 & Stochastic14_3_80_20, Coin: Concatenated-BTCUSDT-1d-2023-4-concatenated, Profit: 10000, Use Case: Unknown Use Case, Timeframe: Unknown Timeframe

2024-06-10 14:47:16,940 -   BUY: Strategy=RSI67 & Stochastic14_3_85_15, Price=29222.78
2024-06-10 14:47:16,941 -   SELL: Strategy=RSI67 & Stochastic14_3_85_15, Price=27210.26
2024-06-10 14:47:16,941 - Unknown use case for strategy RSI67 & Stochastic14_3_85_15
2024-06-10 14:47:16,941 - Completed Strategy: RSI67 & Stochastic14_3_85_15, Coin: Concatenated-BTCUSDT-1d-2023-4-concatenated, Profit: 9311.31808814904, Use Case: Unknown Use Case, Timeframe: Unknown Timeframe

2024-06-10 14:47:16,941 -   BUY: Strategy=RSI67 & Stochastic10_3_80_20, Price=39568.02
2024-06-10 14:47:16,941 -   SELL: Strategy=RSI67 & Stochastic10_3_80_20, Price=66206.5
2024-06-10 14:47:16,941 - Unknown use case for strategy RSI67 & Stochastic10_3_80_20
2024-06-10 14:47:16,941 - Completed Strategy: RSI67 & Stochastic10_3_80_20, Coin: Concatenated-BTCUSDT-1d-2023-4-concatenated, Profit: 16732.325751958273, Use Case: Unknown Use Case, Timeframe: Unknown Timeframe

2024-06-10 14:47:16,942 -   BUY: Strategy=RSI67 & Stochastic10_3_85_15, Price=39568.02
2024-06-10 14:47:16,942 -   SELL: Strategy=RSI67 & Stochastic10_3_85_15, Price=66206.5
2024-06-10 14:47:16,942 - Unknown use case for strategy RSI67 & Stochastic10_3_85_15
2024-06-10 14:47:16,942 - Completed Strategy: RSI67 & Stochastic10_3_85_15, Coin: Concatenated-BTCUSDT-1d-2023-4-concatenated, Profit: 16732.325751958273, Use Case: Unknown Use Case, Timeframe: Unknown Timeframe

2024-06-10 14:47:16,943 - Unknown use case for strategy RSI67 & Stochastic21_5_80_20
2024-06-10 14:47:16,943 - Completed Strategy: RSI67 & Stochastic21_5_80_20, Coin: Concatenated-BTCUSDT-1d-2023-4-concatenated, Profit: 10000, Use Case: Unknown Use Case, Timeframe: Unknown Timeframe

2024-06-10 14:47:16,943 -   BUY: Strategy=RSI67 & Stochastic21_5_85_15, Price=29222.78
2024-06-10 14:47:16,943 -   SELL: Strategy=RSI67 & Stochastic21_5_85_15, Price=27992.57
2024-06-10 14:47:16,943 - Unknown use case for strategy RSI67 & Stochastic21_5_85_15
2024-06-10 14:47:16,943 - Completed Strategy: RSI67 & Stochastic21_5_85_15, Coin: Concatenated-BTCUSDT-1d-2023-4-concatenated, Profit: 9579.023624720168, Use Case: Unknown Use Case, Timeframe: Unknown Timeframe

2024-06-10 14:47:16,944 - Unknown use case for strategy RSI68 & Stochastic14_3_80_20
2024-06-10 14:47:16,944 - Completed Strategy: RSI68 & Stochastic14_3_80_20, Coin: Concatenated-BTCUSDT-1d-2023-4-concatenated, Profit: 10000, Use Case: Unknown Use Case, Timeframe: Unknown Timeframe

2024-06-10 14:47:16,944 -   BUY: Strategy=RSI68 & Stochastic14_3_85_15, Price=29222.78
2024-06-10 14:47:16,944 -   SELL: Strategy=RSI68 & Stochastic14_3_85_15, Price=27210.26
2024-06-10 14:47:16,945 - Unknown use case for strategy RSI68 & Stochastic14_3_85_15
2024-06-10 14:47:16,945 - Completed Strategy: RSI68 & Stochastic14_3_85_15, Coin: Concatenated-BTCUSDT-1d-2023-4-concatenated, Profit: 9311.31808814904, Use Case: Unknown Use Case, Timeframe: Unknown Timeframe

2024-06-10 14:47:16,945 -   BUY: Strategy=RSI68 & Stochastic10_3_80_20, Price=39568.02
2024-06-10 14:47:16,945 -   SELL: Strategy=RSI68 & Stochastic10_3_80_20, Price=66206.5
2024-06-10 14:47:16,945 - Unknown use case for strategy RSI68 & Stochastic10_3_80_20
2024-06-10 14:47:16,945 - Completed Strategy: RSI68 & Stochastic10_3_80_20, Coin: Concatenated-BTCUSDT-1d-2023-4-concatenated, Profit: 16732.325751958273, Use Case: Unknown Use Case, Timeframe: Unknown Timeframe

2024-06-10 14:47:16,946 -   BUY: Strategy=RSI68 & Stochastic10_3_85_15, Price=39568.02
2024-06-10 14:47:16,946 -   SELL: Strategy=RSI68 & Stochastic10_3_85_15, Price=66206.5
2024-06-10 14:47:16,946 - Unknown use case for strategy RSI68 & Stochastic10_3_85_15
2024-06-10 14:47:16,946 - Completed Strategy: RSI68 & Stochastic10_3_85_15, Coin: Concatenated-BTCUSDT-1d-2023-4-concatenated, Profit: 16732.325751958273, Use Case: Unknown Use Case, Timeframe: Unknown Timeframe

2024-06-10 14:47:16,947 - Unknown use case for strategy RSI68 & Stochastic21_5_80_20
2024-06-10 14:47:16,947 - Completed Strategy: RSI68 & Stochastic21_5_80_20, Coin: Concatenated-BTCUSDT-1d-2023-4-concatenated, Profit: 10000, Use Case: Unknown Use Case, Timeframe: Unknown Timeframe

2024-06-10 14:47:16,947 -   BUY: Strategy=RSI68 & Stochastic21_5_85_15, Price=29222.78
2024-06-10 14:47:16,947 -   SELL: Strategy=RSI68 & Stochastic21_5_85_15, Price=27992.57
2024-06-10 14:47:16,947 - Unknown use case for strategy RSI68 & Stochastic21_5_85_15
2024-06-10 14:47:16,948 - Completed Strategy: RSI68 & Stochastic21_5_85_15, Coin: Concatenated-BTCUSDT-1d-2023-4-concatenated, Profit: 9579.023624720168, Use Case: Unknown Use Case, Timeframe: Unknown Timeframe

2024-06-10 14:47:16,948 - Unknown use case for strategy RSI69 & Stochastic14_3_80_20
2024-06-10 14:47:16,948 - Completed Strategy: RSI69 & Stochastic14_3_80_20, Coin: Concatenated-BTCUSDT-1d-2023-4-concatenated, Profit: 10000, Use Case: Unknown Use Case, Timeframe: Unknown Timeframe

2024-06-10 14:47:16,949 -   BUY: Strategy=RSI69 & Stochastic14_3_85_15, Price=29222.78
2024-06-10 14:47:16,949 -   SELL: Strategy=RSI69 & Stochastic14_3_85_15, Price=27992.57
2024-06-10 14:47:16,949 - Unknown use case for strategy RSI69 & Stochastic14_3_85_15
2024-06-10 14:47:16,949 - Completed Strategy: RSI69 & Stochastic14_3_85_15, Coin: Concatenated-BTCUSDT-1d-2023-4-concatenated, Profit: 9579.023624720168, Use Case: Unknown Use Case, Timeframe: Unknown Timeframe

2024-06-10 14:47:16,949 -   BUY: Strategy=RSI69 & Stochastic10_3_80_20, Price=39568.02
2024-06-10 14:47:16,949 - Unknown use case for strategy RSI69 & Stochastic10_3_80_20
2024-06-10 14:47:16,949 - Completed Strategy: RSI69 & Stochastic10_3_80_20, Coin: Concatenated-BTCUSDT-1d-2023-4-concatenated, Profit: 17069.342868306274, Use Case: Unknown Use Case, Timeframe: Unknown Timeframe

2024-06-10 14:47:16,950 -   BUY: Strategy=RSI69 & Stochastic10_3_85_15, Price=39568.02
2024-06-10 14:47:16,950 - Unknown use case for strategy RSI69 & Stochastic10_3_85_15
2024-06-10 14:47:16,950 - Completed Strategy: RSI69 & Stochastic10_3_85_15, Coin: Concatenated-BTCUSDT-1d-2023-4-concatenated, Profit: 17069.342868306274, Use Case: Unknown Use Case, Timeframe: Unknown Timeframe

2024-06-10 14:47:16,951 - Unknown use case for strategy RSI69 & Stochastic21_5_80_20
2024-06-10 14:47:16,951 - Completed Strategy: RSI69 & Stochastic21_5_80_20, Coin: Concatenated-BTCUSDT-1d-2023-4-concatenated, Profit: 10000, Use Case: Unknown Use Case, Timeframe: Unknown Timeframe

2024-06-10 14:47:16,951 -   BUY: Strategy=RSI69 & Stochastic21_5_85_15, Price=29222.78
2024-06-10 14:47:16,951 -   SELL: Strategy=RSI69 & Stochastic21_5_85_15, Price=27992.57
2024-06-10 14:47:16,951 - Unknown use case for strategy RSI69 & Stochastic21_5_85_15
2024-06-10 14:47:16,951 - Completed Strategy: RSI69 & Stochastic21_5_85_15, Coin: Concatenated-BTCUSDT-1d-2023-4-concatenated, Profit: 9579.023624720168, Use Case: Unknown Use Case, Timeframe: Unknown Timeframe

2024-06-10 14:47:16,952 - Unknown use case for strategy RSI70 & Stochastic14_3_80_20
2024-06-10 14:47:16,952 - Completed Strategy: RSI70 & Stochastic14_3_80_20, Coin: Concatenated-BTCUSDT-1d-2023-4-concatenated, Profit: 10000, Use Case: Unknown Use Case, Timeframe: Unknown Timeframe

2024-06-10 14:47:16,953 -   BUY: Strategy=RSI70 & Stochastic14_3_85_15, Price=29222.78
2024-06-10 14:47:16,953 -   SELL: Strategy=RSI70 & Stochastic14_3_85_15, Price=54476.47
2024-06-10 14:47:16,953 - Unknown use case for strategy RSI70 & Stochastic14_3_85_15
2024-06-10 14:47:16,953 - Completed Strategy: RSI70 & Stochastic14_3_85_15, Coin: Concatenated-BTCUSDT-1d-2023-4-concatenated, Profit: 18641.78219868199, Use Case: Unknown Use Case, Timeframe: Unknown Timeframe

2024-06-10 14:47:16,953 -   BUY: Strategy=RSI70 & Stochastic10_3_80_20, Price=39568.02
2024-06-10 14:47:16,953 -   SELL: Strategy=RSI70 & Stochastic10_3_80_20, Price=54476.47
2024-06-10 14:47:16,953 - Unknown use case for strategy RSI70 & Stochastic10_3_80_20
2024-06-10 14:47:16,953 - Completed Strategy: RSI70 & Stochastic10_3_80_20, Coin: Concatenated-BTCUSDT-1d-2023-4-concatenated, Profit: 13767.802887281194, Use Case: Unknown Use Case, Timeframe: Unknown Timeframe

2024-06-10 14:47:16,954 -   BUY: Strategy=RSI70 & Stochastic10_3_85_15, Price=39568.02
2024-06-10 14:47:16,954 -   SELL: Strategy=RSI70 & Stochastic10_3_85_15, Price=54476.47
2024-06-10 14:47:16,954 - Unknown use case for strategy RSI70 & Stochastic10_3_85_15
2024-06-10 14:47:16,954 - Completed Strategy: RSI70 & Stochastic10_3_85_15, Coin: Concatenated-BTCUSDT-1d-2023-4-concatenated, Profit: 13767.802887281194, Use Case: Unknown Use Case, Timeframe: Unknown Timeframe

2024-06-10 14:47:16,955 - Unknown use case for strategy RSI70 & Stochastic21_5_80_20
2024-06-10 14:47:16,955 - Completed Strategy: RSI70 & Stochastic21_5_80_20, Coin: Concatenated-BTCUSDT-1d-2023-4-concatenated, Profit: 10000, Use Case: Unknown Use Case, Timeframe: Unknown Timeframe

2024-06-10 14:47:16,955 -   BUY: Strategy=RSI70 & Stochastic21_5_85_15, Price=29222.78
2024-06-10 14:47:16,955 - Unknown use case for strategy RSI70 & Stochastic21_5_85_15
2024-06-10 14:47:16,955 - Completed Strategy: RSI70 & Stochastic21_5_85_15, Coin: Concatenated-BTCUSDT-1d-2023-4-concatenated, Profit: 23112.109799273032, Use Case: Unknown Use Case, Timeframe: Unknown Timeframe

2024-06-10 14:47:16,956 - Unknown use case for strategy RSI71 & Stochastic14_3_80_20
2024-06-10 14:47:16,956 - Completed Strategy: RSI71 & Stochastic14_3_80_20, Coin: Concatenated-BTCUSDT-1d-2023-4-concatenated, Profit: 10000, Use Case: Unknown Use Case, Timeframe: Unknown Timeframe

2024-06-10 14:47:16,956 -   BUY: Strategy=RSI71 & Stochastic14_3_85_15, Price=29222.78
2024-06-10 14:47:16,957 -   SELL: Strategy=RSI71 & Stochastic14_3_85_15, Price=54476.47
2024-06-10 14:47:16,957 - Unknown use case for strategy RSI71 & Stochastic14_3_85_15
2024-06-10 14:47:16,957 - Completed Strategy: RSI71 & Stochastic14_3_85_15, Coin: Concatenated-BTCUSDT-1d-2023-4-concatenated, Profit: 18641.78219868199, Use Case: Unknown Use Case, Timeframe: Unknown Timeframe

2024-06-10 14:47:16,957 -   BUY: Strategy=RSI71 & Stochastic10_3_80_20, Price=39568.02
2024-06-10 14:47:16,957 -   SELL: Strategy=RSI71 & Stochastic10_3_80_20, Price=54476.47
2024-06-10 14:47:16,957 - Unknown use case for strategy RSI71 & Stochastic10_3_80_20
2024-06-10 14:47:16,957 - Completed Strategy: RSI71 & Stochastic10_3_80_20, Coin: Concatenated-BTCUSDT-1d-2023-4-concatenated, Profit: 13767.802887281194, Use Case: Unknown Use Case, Timeframe: Unknown Timeframe

2024-06-10 14:47:16,958 -   BUY: Strategy=RSI71 & Stochastic10_3_85_15, Price=39568.02
2024-06-10 14:47:16,958 -   SELL: Strategy=RSI71 & Stochastic10_3_85_15, Price=54476.47
2024-06-10 14:47:16,958 - Unknown use case for strategy RSI71 & Stochastic10_3_85_15
2024-06-10 14:47:16,958 - Completed Strategy: RSI71 & Stochastic10_3_85_15, Coin: Concatenated-BTCUSDT-1d-2023-4-concatenated, Profit: 13767.802887281194, Use Case: Unknown Use Case, Timeframe: Unknown Timeframe

2024-06-10 14:47:16,959 - Unknown use case for strategy RSI71 & Stochastic21_5_80_20
2024-06-10 14:47:16,959 - Completed Strategy: RSI71 & Stochastic21_5_80_20, Coin: Concatenated-BTCUSDT-1d-2023-4-concatenated, Profit: 10000, Use Case: Unknown Use Case, Timeframe: Unknown Timeframe

2024-06-10 14:47:16,959 -   BUY: Strategy=RSI71 & Stochastic21_5_85_15, Price=29222.78
2024-06-10 14:47:16,959 -   SELL: Strategy=RSI71 & Stochastic21_5_85_15, Price=51568.22
2024-06-10 14:47:16,959 - Unknown use case for strategy RSI71 & Stochastic21_5_85_15
2024-06-10 14:47:16,959 - Completed Strategy: RSI71 & Stochastic21_5_85_15, Coin: Concatenated-BTCUSDT-1d-2023-4-concatenated, Profit: 17646.582563329022, Use Case: Unknown Use Case, Timeframe: Unknown Timeframe

2024-06-10 14:47:16,960 - Unknown use case for strategy RSI72 & Stochastic14_3_80_20
2024-06-10 14:47:16,960 - Completed Strategy: RSI72 & Stochastic14_3_80_20, Coin: Concatenated-BTCUSDT-1d-2023-4-concatenated, Profit: 10000, Use Case: Unknown Use Case, Timeframe: Unknown Timeframe

2024-06-10 14:47:16,961 -   BUY: Strategy=RSI72 & Stochastic14_3_85_15, Price=29222.78
2024-06-10 14:47:16,961 -   SELL: Strategy=RSI72 & Stochastic14_3_85_15, Price=54476.47
2024-06-10 14:47:16,961 - Unknown use case for strategy RSI72 & Stochastic14_3_85_15
2024-06-10 14:47:16,961 - Completed Strategy: RSI72 & Stochastic14_3_85_15, Coin: Concatenated-BTCUSDT-1d-2023-4-concatenated, Profit: 18641.78219868199, Use Case: Unknown Use Case, Timeframe: Unknown Timeframe

2024-06-10 14:47:16,962 -   BUY: Strategy=RSI72 & Stochastic10_3_80_20, Price=39568.02
2024-06-10 14:47:16,962 -   SELL: Strategy=RSI72 & Stochastic10_3_80_20, Price=54476.47
2024-06-10 14:47:16,962 - Unknown use case for strategy RSI72 & Stochastic10_3_80_20
2024-06-10 14:47:16,962 - Completed Strategy: RSI72 & Stochastic10_3_80_20, Coin: Concatenated-BTCUSDT-1d-2023-4-concatenated, Profit: 13767.802887281194, Use Case: Unknown Use Case, Timeframe: Unknown Timeframe

2024-06-10 14:47:16,962 -   BUY: Strategy=RSI72 & Stochastic10_3_85_15, Price=39568.02
2024-06-10 14:47:16,962 -   SELL: Strategy=RSI72 & Stochastic10_3_85_15, Price=54476.47
2024-06-10 14:47:16,962 - Unknown use case for strategy RSI72 & Stochastic10_3_85_15
2024-06-10 14:47:16,963 - Completed Strategy: RSI72 & Stochastic10_3_85_15, Coin: Concatenated-BTCUSDT-1d-2023-4-concatenated, Profit: 13767.802887281194, Use Case: Unknown Use Case, Timeframe: Unknown Timeframe

2024-06-10 14:47:16,963 - Unknown use case for strategy RSI72 & Stochastic21_5_80_20
2024-06-10 14:47:16,963 - Completed Strategy: RSI72 & Stochastic21_5_80_20, Coin: Concatenated-BTCUSDT-1d-2023-4-concatenated, Profit: 10000, Use Case: Unknown Use Case, Timeframe: Unknown Timeframe

2024-06-10 14:47:16,964 -   BUY: Strategy=RSI72 & Stochastic21_5_85_15, Price=29222.78
2024-06-10 14:47:16,964 - Unknown use case for strategy RSI72 & Stochastic21_5_85_15
2024-06-10 14:47:16,964 - Completed Strategy: RSI72 & Stochastic21_5_85_15, Coin: Concatenated-BTCUSDT-1d-2023-4-concatenated, Profit: 23112.109799273032, Use Case: Unknown Use Case, Timeframe: Unknown Timeframe

2024-06-10 14:47:16,964 - Unknown use case for strategy RSI73 & Stochastic14_3_80_20
2024-06-10 14:47:16,964 - Completed Strategy: RSI73 & Stochastic14_3_80_20, Coin: Concatenated-BTCUSDT-1d-2023-4-concatenated, Profit: 10000, Use Case: Unknown Use Case, Timeframe: Unknown Timeframe

2024-06-10 14:47:16,965 -   BUY: Strategy=RSI73 & Stochastic14_3_85_15, Price=29222.78
2024-06-10 14:47:16,965 -   SELL: Strategy=RSI73 & Stochastic14_3_85_15, Price=54476.47
2024-06-10 14:47:16,965 - Unknown use case for strategy RSI73 & Stochastic14_3_85_15
2024-06-10 14:47:16,965 - Completed Strategy: RSI73 & Stochastic14_3_85_15, Coin: Concatenated-BTCUSDT-1d-2023-4-concatenated, Profit: 18641.78219868199, Use Case: Unknown Use Case, Timeframe: Unknown Timeframe

2024-06-10 14:47:16,966 -   BUY: Strategy=RSI73 & Stochastic10_3_80_20, Price=39568.02
2024-06-10 14:47:16,966 -   SELL: Strategy=RSI73 & Stochastic10_3_80_20, Price=54476.47
2024-06-10 14:47:16,966 - Unknown use case for strategy RSI73 & Stochastic10_3_80_20
2024-06-10 14:47:16,966 - Completed Strategy: RSI73 & Stochastic10_3_80_20, Coin: Concatenated-BTCUSDT-1d-2023-4-concatenated, Profit: 13767.802887281194, Use Case: Unknown Use Case, Timeframe: Unknown Timeframe

2024-06-10 14:47:16,967 -   BUY: Strategy=RSI73 & Stochastic10_3_85_15, Price=39568.02
2024-06-10 14:47:16,967 -   SELL: Strategy=RSI73 & Stochastic10_3_85_15, Price=54476.47
2024-06-10 14:47:16,967 - Unknown use case for strategy RSI73 & Stochastic10_3_85_15
2024-06-10 14:47:16,967 - Completed Strategy: RSI73 & Stochastic10_3_85_15, Coin: Concatenated-BTCUSDT-1d-2023-4-concatenated, Profit: 13767.802887281194, Use Case: Unknown Use Case, Timeframe: Unknown Timeframe

2024-06-10 14:47:16,967 - Unknown use case for strategy RSI73 & Stochastic21_5_80_20
2024-06-10 14:47:16,967 - Completed Strategy: RSI73 & Stochastic21_5_80_20, Coin: Concatenated-BTCUSDT-1d-2023-4-concatenated, Profit: 10000, Use Case: Unknown Use Case, Timeframe: Unknown Timeframe

2024-06-10 14:47:16,968 -   BUY: Strategy=RSI73 & Stochastic21_5_85_15, Price=29222.78
2024-06-10 14:47:16,968 - Unknown use case for strategy RSI73 & Stochastic21_5_85_15
2024-06-10 14:47:16,968 - Completed Strategy: RSI73 & Stochastic21_5_85_15, Coin: Concatenated-BTCUSDT-1d-2023-4-concatenated, Profit: 23112.109799273032, Use Case: Unknown Use Case, Timeframe: Unknown Timeframe

2024-06-10 14:47:16,969 - Unknown use case for strategy RSI74 & Stochastic14_3_80_20
2024-06-10 14:47:16,969 - Completed Strategy: RSI74 & Stochastic14_3_80_20, Coin: Concatenated-BTCUSDT-1d-2023-4-concatenated, Profit: 10000, Use Case: Unknown Use Case, Timeframe: Unknown Timeframe

2024-06-10 14:47:16,969 -   BUY: Strategy=RSI74 & Stochastic14_3_85_15, Price=29222.78
2024-06-10 14:47:16,969 - Unknown use case for strategy RSI74 & Stochastic14_3_85_15
2024-06-10 14:47:16,969 - Completed Strategy: RSI74 & Stochastic14_3_85_15, Coin: Concatenated-BTCUSDT-1d-2023-4-concatenated, Profit: 23112.109799273032, Use Case: Unknown Use Case, Timeframe: Unknown Timeframe

2024-06-10 14:47:16,970 -   BUY: Strategy=RSI74 & Stochastic10_3_80_20, Price=39568.02
2024-06-10 14:47:16,970 -   SELL: Strategy=RSI74 & Stochastic10_3_80_20, Price=66074.04
2024-06-10 14:47:16,970 - Unknown use case for strategy RSI74 & Stochastic10_3_80_20
2024-06-10 14:47:16,970 - Completed Strategy: RSI74 & Stochastic10_3_80_20, Coin: Concatenated-BTCUSDT-1d-2023-4-concatenated, Profit: 16698.84922217488, Use Case: Unknown Use Case, Timeframe: Unknown Timeframe

2024-06-10 14:47:16,971 -   BUY: Strategy=RSI74 & Stochastic10_3_85_15, Price=39568.02
2024-06-10 14:47:16,971 - Unknown use case for strategy RSI74 & Stochastic10_3_85_15
2024-06-10 14:47:16,971 - Completed Strategy: RSI74 & Stochastic10_3_85_15, Coin: Concatenated-BTCUSDT-1d-2023-4-concatenated, Profit: 17069.342868306274, Use Case: Unknown Use Case, Timeframe: Unknown Timeframe

2024-06-10 14:47:16,971 - Unknown use case for strategy RSI74 & Stochastic21_5_80_20
2024-06-10 14:47:16,971 - Completed Strategy: RSI74 & Stochastic21_5_80_20, Coin: Concatenated-BTCUSDT-1d-2023-4-concatenated, Profit: 10000, Use Case: Unknown Use Case, Timeframe: Unknown Timeframe

2024-06-10 14:47:16,972 -   BUY: Strategy=RSI74 & Stochastic21_5_85_15, Price=29222.78
2024-06-10 14:47:16,972 - Unknown use case for strategy RSI74 & Stochastic21_5_85_15
2024-06-10 14:47:16,972 - Completed Strategy: RSI74 & Stochastic21_5_85_15, Coin: Concatenated-BTCUSDT-1d-2023-4-concatenated, Profit: 23112.109799273032, Use Case: Unknown Use Case, Timeframe: Unknown Timeframe

2024-06-10 14:47:16,973 -   BUY: Strategy=RSI75 & Stochastic14_3_80_20, Price=25128.6
2024-06-10 14:47:16,973 - Unknown use case for strategy RSI75 & Stochastic14_3_80_20
2024-06-10 14:47:16,973 - Completed Strategy: RSI75 & Stochastic14_3_80_20, Coin: Concatenated-BTCUSDT-1d-2023-4-concatenated, Profit: 26877.744880335555, Use Case: Unknown Use Case, Timeframe: Unknown Timeframe

2024-06-10 14:47:16,973 -   BUY: Strategy=RSI75 & Stochastic14_3_85_15, Price=25128.6
2024-06-10 14:47:16,973 -   SELL: Strategy=RSI75 & Stochastic14_3_85_15, Price=30688.5
2024-06-10 14:47:16,973 -   BUY: Strategy=RSI75 & Stochastic14_3_85_15, Price=29222.78
2024-06-10 14:47:16,973 -   SELL: Strategy=RSI75 & Stochastic14_3_85_15, Price=66823.17
2024-06-10 14:47:16,973 - Unknown use case for strategy RSI75 & Stochastic14_3_85_15
2024-06-10 14:47:16,974 - Completed Strategy: RSI75 & Stochastic14_3_85_15, Coin: Concatenated-BTCUSDT-1d-2023-4-concatenated, Profit: 27926.268787259483, Use Case: Unknown Use Case, Timeframe: Unknown Timeframe

2024-06-10 14:47:16,974 -   BUY: Strategy=RSI75 & Stochastic10_3_80_20, Price=25128.6
2024-06-10 14:47:16,974 - Unknown use case for strategy RSI75 & Stochastic10_3_80_20
2024-06-10 14:47:16,974 - Completed Strategy: RSI75 & Stochastic10_3_80_20, Coin: Concatenated-BTCUSDT-1d-2023-4-concatenated, Profit: 26877.744880335555, Use Case: Unknown Use Case, Timeframe: Unknown Timeframe

2024-06-10 14:47:16,975 -   BUY: Strategy=RSI75 & Stochastic10_3_85_15, Price=25128.6
2024-06-10 14:47:16,975 -   SELL: Strategy=RSI75 & Stochastic10_3_85_15, Price=30688.5
2024-06-10 14:47:16,975 -   BUY: Strategy=RSI75 & Stochastic10_3_85_15, Price=39568.02
2024-06-10 14:47:16,975 -   SELL: Strategy=RSI75 & Stochastic10_3_85_15, Price=66823.17
2024-06-10 14:47:16,975 - Unknown use case for strategy RSI75 & Stochastic10_3_85_15
2024-06-10 14:47:16,975 - Completed Strategy: RSI75 & Stochastic10_3_85_15, Coin: Concatenated-BTCUSDT-1d-2023-4-concatenated, Profit: 20624.81794618358, Use Case: Unknown Use Case, Timeframe: Unknown Timeframe

2024-06-10 14:47:16,976 - Unknown use case for strategy RSI75 & Stochastic21_5_80_20
2024-06-10 14:47:16,976 - Completed Strategy: RSI75 & Stochastic21_5_80_20, Coin: Concatenated-BTCUSDT-1d-2023-4-concatenated, Profit: 10000, Use Case: Unknown Use Case, Timeframe: Unknown Timeframe

2024-06-10 14:47:16,976 -   BUY: Strategy=RSI75 & Stochastic21_5_85_15, Price=25128.6
2024-06-10 14:47:16,976 -   SELL: Strategy=RSI75 & Stochastic21_5_85_15, Price=30688.5
2024-06-10 14:47:16,976 -   BUY: Strategy=RSI75 & Stochastic21_5_85_15, Price=29222.78
2024-06-10 14:47:16,976 -   SELL: Strategy=RSI75 & Stochastic21_5_85_15, Price=66823.17
2024-06-10 14:47:16,976 - Unknown use case for strategy RSI75 & Stochastic21_5_85_15
2024-06-10 14:47:16,976 - Completed Strategy: RSI75 & Stochastic21_5_85_15, Coin: Concatenated-BTCUSDT-1d-2023-4-concatenated, Profit: 27926.268787259483, Use Case: Unknown Use Case, Timeframe: Unknown Timeframe

2024-06-10 16:23:31,499 - Processing Coin: Concatenated-BTCUSDT-1d-2023-4-concatenated
2024-06-10 16:23:31,539 - Completed Strategy: MACD & SMA, Coin: Concatenated-BTCUSDT-1d-2023-4-concatenated, Profit: 10000, Use Case: Trend direction and momentum, Timeframe: 1D

2024-06-10 16:23:31,539 - Completed Strategy: MACD & Ichimoku, Coin: Concatenated-BTCUSDT-1d-2023-4-concatenated, Profit: 10000, Use Case: Comprehensive trend and momentum analysis, Timeframe: 4H

2024-06-10 16:23:31,540 - Completed Strategy: MACD & Donchian, Coin: Concatenated-BTCUSDT-1d-2023-4-concatenated, Profit: 10000, Use Case: Breakout and momentum confirmation, Timeframe: 1H

2024-06-10 16:23:31,541 - Completed Strategy: MACD & RSI65, Coin: Concatenated-BTCUSDT-1d-2023-4-concatenated, Profit: 10000, Use Case: Identifying and confirming trend reversals, Timeframe: 1H

2024-06-10 16:23:31,542 - Completed Strategy: MACD & RSI66, Coin: Concatenated-BTCUSDT-1d-2023-4-concatenated, Profit: 10000, Use Case: Identifying and confirming trend reversals, Timeframe: 1H

2024-06-10 16:23:31,542 - Completed Strategy: MACD & RSI67, Coin: Concatenated-BTCUSDT-1d-2023-4-concatenated, Profit: 10000, Use Case: Identifying and confirming trend reversals, Timeframe: 1H

2024-06-10 16:23:31,543 - Completed Strategy: MACD & RSI68, Coin: Concatenated-BTCUSDT-1d-2023-4-concatenated, Profit: 10000, Use Case: Identifying and confirming trend reversals, Timeframe: 1H

2024-06-10 16:23:31,544 - Completed Strategy: MACD & RSI69, Coin: Concatenated-BTCUSDT-1d-2023-4-concatenated, Profit: 10000, Use Case: Identifying and confirming trend reversals, Timeframe: 1H

2024-06-10 16:23:31,545 - Completed Strategy: MACD & RSI70, Coin: Concatenated-BTCUSDT-1d-2023-4-concatenated, Profit: 10000, Use Case: Identifying and confirming trend reversals, Timeframe: 1H

2024-06-10 16:23:31,546 - Completed Strategy: MACD & RSI71, Coin: Concatenated-BTCUSDT-1d-2023-4-concatenated, Profit: 10000, Use Case: Identifying and confirming trend reversals, Timeframe: 1H

2024-06-10 16:23:31,547 - Completed Strategy: MACD & RSI72, Coin: Concatenated-BTCUSDT-1d-2023-4-concatenated, Profit: 10000, Use Case: Identifying and confirming trend reversals, Timeframe: 1H

2024-06-10 16:23:31,548 - Completed Strategy: MACD & RSI73, Coin: Concatenated-BTCUSDT-1d-2023-4-concatenated, Profit: 10000, Use Case: Identifying and confirming trend reversals, Timeframe: 1H

2024-06-10 16:23:31,548 - Completed Strategy: MACD & RSI74, Coin: Concatenated-BTCUSDT-1d-2023-4-concatenated, Profit: 10000, Use Case: Identifying and confirming trend reversals, Timeframe: 1H

2024-06-10 16:23:31,549 - Completed Strategy: MACD & RSI75, Coin: Concatenated-BTCUSDT-1d-2023-4-concatenated, Profit: 10000, Use Case: Identifying and confirming trend reversals, Timeframe: 1H

2024-06-10 16:23:31,550 - Completed Strategy: MACD & Stochastic14_3_80_20, Coin: Concatenated-BTCUSDT-1d-2023-4-concatenated, Profit: 10000, Use Case: Momentum and trend confirmation, Timeframe: 1H

2024-06-10 16:23:31,550 - Completed Strategy: MACD & Stochastic14_3_85_15, Coin: Concatenated-BTCUSDT-1d-2023-4-concatenated, Profit: 10000, Use Case: Momentum and trend confirmation, Timeframe: 1H

2024-06-10 16:23:31,551 - Completed Strategy: MACD & Stochastic10_3_80_20, Coin: Concatenated-BTCUSDT-1d-2023-4-concatenated, Profit: 10000, Use Case: Momentum and trend confirmation, Timeframe: 1H

2024-06-10 16:23:31,552 - Completed Strategy: MACD & Stochastic10_3_85_15, Coin: Concatenated-BTCUSDT-1d-2023-4-concatenated, Profit: 10000, Use Case: Momentum and trend confirmation, Timeframe: 1H

2024-06-10 16:23:31,553 - Completed Strategy: MACD & Stochastic21_5_80_20, Coin: Concatenated-BTCUSDT-1d-2023-4-concatenated, Profit: 10000, Use Case: Momentum and trend confirmation, Timeframe: 1H

2024-06-10 16:23:31,553 - Completed Strategy: MACD & Stochastic21_5_85_15, Coin: Concatenated-BTCUSDT-1d-2023-4-concatenated, Profit: 10000, Use Case: Momentum and trend confirmation, Timeframe: 1H

2024-06-10 16:23:31,554 - Unknown use case for strategy SMA & Ichimoku
2024-06-10 16:23:31,554 - Completed Strategy: SMA & Ichimoku, Coin: Concatenated-BTCUSDT-1d-2023-4-concatenated, Profit: 10000, Use Case: Unknown Use Case, Timeframe: Unknown Timeframe

2024-06-10 16:23:31,555 - Unknown use case for strategy SMA & Donchian
2024-06-10 16:23:31,555 - Completed Strategy: SMA & Donchian, Coin: Concatenated-BTCUSDT-1d-2023-4-concatenated, Profit: 10000, Use Case: Unknown Use Case, Timeframe: Unknown Timeframe

2024-06-10 16:23:31,556 - Completed Strategy: SMA & RSI65, Coin: Concatenated-BTCUSDT-1d-2023-4-concatenated, Profit: 10000, Use Case: Trend direction and entry/exit timing, Timeframe: 1D

2024-06-10 16:23:31,556 - Completed Strategy: SMA & RSI66, Coin: Concatenated-BTCUSDT-1d-2023-4-concatenated, Profit: 10000, Use Case: Trend direction and entry/exit timing, Timeframe: 1D

2024-06-10 16:23:31,557 - Completed Strategy: SMA & RSI67, Coin: Concatenated-BTCUSDT-1d-2023-4-concatenated, Profit: 10000, Use Case: Trend direction and entry/exit timing, Timeframe: 1D

2024-06-10 16:23:31,558 - Completed Strategy: SMA & RSI68, Coin: Concatenated-BTCUSDT-1d-2023-4-concatenated, Profit: 10000, Use Case: Trend direction and entry/exit timing, Timeframe: 1D

2024-06-10 16:23:31,559 - Completed Strategy: SMA & RSI69, Coin: Concatenated-BTCUSDT-1d-2023-4-concatenated, Profit: 10000, Use Case: Trend direction and entry/exit timing, Timeframe: 1D

2024-06-10 16:23:31,560 - Completed Strategy: SMA & RSI70, Coin: Concatenated-BTCUSDT-1d-2023-4-concatenated, Profit: 10000, Use Case: Trend direction and entry/exit timing, Timeframe: 1D

2024-06-10 16:23:31,560 - Completed Strategy: SMA & RSI71, Coin: Concatenated-BTCUSDT-1d-2023-4-concatenated, Profit: 10000, Use Case: Trend direction and entry/exit timing, Timeframe: 1D

2024-06-10 16:23:31,561 - Completed Strategy: SMA & RSI72, Coin: Concatenated-BTCUSDT-1d-2023-4-concatenated, Profit: 10000, Use Case: Trend direction and entry/exit timing, Timeframe: 1D

2024-06-10 16:23:31,562 - Completed Strategy: SMA & RSI73, Coin: Concatenated-BTCUSDT-1d-2023-4-concatenated, Profit: 10000, Use Case: Trend direction and entry/exit timing, Timeframe: 1D

2024-06-10 16:23:31,563 - Completed Strategy: SMA & RSI74, Coin: Concatenated-BTCUSDT-1d-2023-4-concatenated, Profit: 10000, Use Case: Trend direction and entry/exit timing, Timeframe: 1D

2024-06-10 16:23:31,563 - Completed Strategy: SMA & RSI75, Coin: Concatenated-BTCUSDT-1d-2023-4-concatenated, Profit: 10000, Use Case: Trend direction and entry/exit timing, Timeframe: 1D

2024-06-10 16:23:31,564 - Unknown use case for strategy SMA & Stochastic14_3_80_20
2024-06-10 16:23:31,564 - Completed Strategy: SMA & Stochastic14_3_80_20, Coin: Concatenated-BTCUSDT-1d-2023-4-concatenated, Profit: 10000, Use Case: Unknown Use Case, Timeframe: Unknown Timeframe

2024-06-10 16:23:31,565 - Unknown use case for strategy SMA & Stochastic14_3_85_15
2024-06-10 16:23:31,565 - Completed Strategy: SMA & Stochastic14_3_85_15, Coin: Concatenated-BTCUSDT-1d-2023-4-concatenated, Profit: 10000, Use Case: Unknown Use Case, Timeframe: Unknown Timeframe

2024-06-10 16:23:31,566 - Unknown use case for strategy SMA & Stochastic10_3_80_20
2024-06-10 16:23:31,566 - Completed Strategy: SMA & Stochastic10_3_80_20, Coin: Concatenated-BTCUSDT-1d-2023-4-concatenated, Profit: 10000, Use Case: Unknown Use Case, Timeframe: Unknown Timeframe

2024-06-10 16:23:31,566 - Unknown use case for strategy SMA & Stochastic10_3_85_15
2024-06-10 16:23:31,567 - Completed Strategy: SMA & Stochastic10_3_85_15, Coin: Concatenated-BTCUSDT-1d-2023-4-concatenated, Profit: 10000, Use Case: Unknown Use Case, Timeframe: Unknown Timeframe

2024-06-10 16:23:31,567 - Unknown use case for strategy SMA & Stochastic21_5_80_20
2024-06-10 16:23:31,567 - Completed Strategy: SMA & Stochastic21_5_80_20, Coin: Concatenated-BTCUSDT-1d-2023-4-concatenated, Profit: 10000, Use Case: Unknown Use Case, Timeframe: Unknown Timeframe

2024-06-10 16:23:31,568 - Unknown use case for strategy SMA & Stochastic21_5_85_15
2024-06-10 16:23:31,568 - Completed Strategy: SMA & Stochastic21_5_85_15, Coin: Concatenated-BTCUSDT-1d-2023-4-concatenated, Profit: 10000, Use Case: Unknown Use Case, Timeframe: Unknown Timeframe

2024-06-10 16:23:31,569 - Unknown use case for strategy Ichimoku & Donchian
2024-06-10 16:23:31,569 - Completed Strategy: Ichimoku & Donchian, Coin: Concatenated-BTCUSDT-1d-2023-4-concatenated, Profit: 10000, Use Case: Unknown Use Case, Timeframe: Unknown Timeframe

2024-06-10 16:23:31,570 - Completed Strategy: Ichimoku & RSI65, Coin: Concatenated-BTCUSDT-1d-2023-4-concatenated, Profit: 10000, Use Case: Trend direction and momentum confirmation, Timeframe: 4H

2024-06-10 16:23:31,570 - Completed Strategy: Ichimoku & RSI66, Coin: Concatenated-BTCUSDT-1d-2023-4-concatenated, Profit: 10000, Use Case: Trend direction and momentum confirmation, Timeframe: 4H

2024-06-10 16:23:31,571 - Completed Strategy: Ichimoku & RSI67, Coin: Concatenated-BTCUSDT-1d-2023-4-concatenated, Profit: 10000, Use Case: Trend direction and momentum confirmation, Timeframe: 4H

2024-06-10 16:23:31,572 - Completed Strategy: Ichimoku & RSI68, Coin: Concatenated-BTCUSDT-1d-2023-4-concatenated, Profit: 10000, Use Case: Trend direction and momentum confirmation, Timeframe: 4H

2024-06-10 16:23:31,572 - Completed Strategy: Ichimoku & RSI69, Coin: Concatenated-BTCUSDT-1d-2023-4-concatenated, Profit: 10000, Use Case: Trend direction and momentum confirmation, Timeframe: 4H

2024-06-10 16:23:31,573 - Completed Strategy: Ichimoku & RSI70, Coin: Concatenated-BTCUSDT-1d-2023-4-concatenated, Profit: 10000, Use Case: Trend direction and momentum confirmation, Timeframe: 4H

2024-06-10 16:23:31,574 - Completed Strategy: Ichimoku & RSI71, Coin: Concatenated-BTCUSDT-1d-2023-4-concatenated, Profit: 10000, Use Case: Trend direction and momentum confirmation, Timeframe: 4H

2024-06-10 16:23:31,575 - Completed Strategy: Ichimoku & RSI72, Coin: Concatenated-BTCUSDT-1d-2023-4-concatenated, Profit: 10000, Use Case: Trend direction and momentum confirmation, Timeframe: 4H

2024-06-10 16:23:31,575 - Completed Strategy: Ichimoku & RSI73, Coin: Concatenated-BTCUSDT-1d-2023-4-concatenated, Profit: 10000, Use Case: Trend direction and momentum confirmation, Timeframe: 4H

2024-06-10 16:23:31,576 - Completed Strategy: Ichimoku & RSI74, Coin: Concatenated-BTCUSDT-1d-2023-4-concatenated, Profit: 10000, Use Case: Trend direction and momentum confirmation, Timeframe: 4H

2024-06-10 16:23:31,577 - Completed Strategy: Ichimoku & RSI75, Coin: Concatenated-BTCUSDT-1d-2023-4-concatenated, Profit: 10000, Use Case: Trend direction and momentum confirmation, Timeframe: 4H

2024-06-10 16:23:31,578 - Unknown use case for strategy Ichimoku & Stochastic14_3_80_20
2024-06-10 16:23:31,578 - Completed Strategy: Ichimoku & Stochastic14_3_80_20, Coin: Concatenated-BTCUSDT-1d-2023-4-concatenated, Profit: 10000, Use Case: Unknown Use Case, Timeframe: Unknown Timeframe

2024-06-10 16:23:31,578 - Unknown use case for strategy Ichimoku & Stochastic14_3_85_15
2024-06-10 16:23:31,578 - Completed Strategy: Ichimoku & Stochastic14_3_85_15, Coin: Concatenated-BTCUSDT-1d-2023-4-concatenated, Profit: 10000, Use Case: Unknown Use Case, Timeframe: Unknown Timeframe

2024-06-10 16:23:31,579 - Unknown use case for strategy Ichimoku & Stochastic10_3_80_20
2024-06-10 16:23:31,579 - Completed Strategy: Ichimoku & Stochastic10_3_80_20, Coin: Concatenated-BTCUSDT-1d-2023-4-concatenated, Profit: 10000, Use Case: Unknown Use Case, Timeframe: Unknown Timeframe

2024-06-10 16:23:31,580 - Unknown use case for strategy Ichimoku & Stochastic10_3_85_15
2024-06-10 16:23:31,580 - Completed Strategy: Ichimoku & Stochastic10_3_85_15, Coin: Concatenated-BTCUSDT-1d-2023-4-concatenated, Profit: 10000, Use Case: Unknown Use Case, Timeframe: Unknown Timeframe

2024-06-10 16:23:31,581 - Unknown use case for strategy Ichimoku & Stochastic21_5_80_20
2024-06-10 16:23:31,581 - Completed Strategy: Ichimoku & Stochastic21_5_80_20, Coin: Concatenated-BTCUSDT-1d-2023-4-concatenated, Profit: 10000, Use Case: Unknown Use Case, Timeframe: Unknown Timeframe

2024-06-10 16:23:31,581 - Unknown use case for strategy Ichimoku & Stochastic21_5_85_15
2024-06-10 16:23:31,581 - Completed Strategy: Ichimoku & Stochastic21_5_85_15, Coin: Concatenated-BTCUSDT-1d-2023-4-concatenated, Profit: 10000, Use Case: Unknown Use Case, Timeframe: Unknown Timeframe

2024-06-10 16:23:31,582 - Completed Strategy: Donchian & RSI65, Coin: Concatenated-BTCUSDT-1d-2023-4-concatenated, Profit: 10000, Use Case: Overbought/oversold conditions and breakout confirmation, Timeframe: 1H

2024-06-10 16:23:31,583 - Completed Strategy: Donchian & RSI66, Coin: Concatenated-BTCUSDT-1d-2023-4-concatenated, Profit: 10000, Use Case: Overbought/oversold conditions and breakout confirmation, Timeframe: 1H

2024-06-10 16:23:31,583 - Completed Strategy: Donchian & RSI67, Coin: Concatenated-BTCUSDT-1d-2023-4-concatenated, Profit: 10000, Use Case: Overbought/oversold conditions and breakout confirmation, Timeframe: 1H

2024-06-10 16:23:31,584 - Completed Strategy: Donchian & RSI68, Coin: Concatenated-BTCUSDT-1d-2023-4-concatenated, Profit: 10000, Use Case: Overbought/oversold conditions and breakout confirmation, Timeframe: 1H

2024-06-10 16:23:31,585 - Completed Strategy: Donchian & RSI69, Coin: Concatenated-BTCUSDT-1d-2023-4-concatenated, Profit: 10000, Use Case: Overbought/oversold conditions and breakout confirmation, Timeframe: 1H

2024-06-10 16:23:31,586 - Completed Strategy: Donchian & RSI70, Coin: Concatenated-BTCUSDT-1d-2023-4-concatenated, Profit: 10000, Use Case: Overbought/oversold conditions and breakout confirmation, Timeframe: 1H

2024-06-10 16:23:31,586 - Completed Strategy: Donchian & RSI71, Coin: Concatenated-BTCUSDT-1d-2023-4-concatenated, Profit: 10000, Use Case: Overbought/oversold conditions and breakout confirmation, Timeframe: 1H

2024-06-10 16:23:31,587 - Completed Strategy: Donchian & RSI72, Coin: Concatenated-BTCUSDT-1d-2023-4-concatenated, Profit: 10000, Use Case: Overbought/oversold conditions and breakout confirmation, Timeframe: 1H

2024-06-10 16:23:31,588 - Completed Strategy: Donchian & RSI73, Coin: Concatenated-BTCUSDT-1d-2023-4-concatenated, Profit: 10000, Use Case: Overbought/oversold conditions and breakout confirmation, Timeframe: 1H

2024-06-10 16:23:31,589 - Completed Strategy: Donchian & RSI74, Coin: Concatenated-BTCUSDT-1d-2023-4-concatenated, Profit: 10000, Use Case: Overbought/oversold conditions and breakout confirmation, Timeframe: 1H

2024-06-10 16:23:31,589 - Completed Strategy: Donchian & RSI75, Coin: Concatenated-BTCUSDT-1d-2023-4-concatenated, Profit: 10000, Use Case: Overbought/oversold conditions and breakout confirmation, Timeframe: 1H

2024-06-10 16:23:31,590 - Unknown use case for strategy Donchian & Stochastic14_3_80_20
2024-06-10 16:23:31,590 - Completed Strategy: Donchian & Stochastic14_3_80_20, Coin: Concatenated-BTCUSDT-1d-2023-4-concatenated, Profit: 10000, Use Case: Unknown Use Case, Timeframe: Unknown Timeframe

2024-06-10 16:23:31,591 - Unknown use case for strategy Donchian & Stochastic14_3_85_15
2024-06-10 16:23:31,591 - Completed Strategy: Donchian & Stochastic14_3_85_15, Coin: Concatenated-BTCUSDT-1d-2023-4-concatenated, Profit: 10000, Use Case: Unknown Use Case, Timeframe: Unknown Timeframe

2024-06-10 16:23:31,592 - Unknown use case for strategy Donchian & Stochastic10_3_80_20
2024-06-10 16:23:31,592 - Completed Strategy: Donchian & Stochastic10_3_80_20, Coin: Concatenated-BTCUSDT-1d-2023-4-concatenated, Profit: 10000, Use Case: Unknown Use Case, Timeframe: Unknown Timeframe

2024-06-10 16:23:31,592 - Unknown use case for strategy Donchian & Stochastic10_3_85_15
2024-06-10 16:23:31,592 - Completed Strategy: Donchian & Stochastic10_3_85_15, Coin: Concatenated-BTCUSDT-1d-2023-4-concatenated, Profit: 10000, Use Case: Unknown Use Case, Timeframe: Unknown Timeframe

2024-06-10 16:23:31,593 - Unknown use case for strategy Donchian & Stochastic21_5_80_20
2024-06-10 16:23:31,593 - Completed Strategy: Donchian & Stochastic21_5_80_20, Coin: Concatenated-BTCUSDT-1d-2023-4-concatenated, Profit: 10000, Use Case: Unknown Use Case, Timeframe: Unknown Timeframe

2024-06-10 16:23:31,594 - Unknown use case for strategy Donchian & Stochastic21_5_85_15
2024-06-10 16:23:31,594 - Completed Strategy: Donchian & Stochastic21_5_85_15, Coin: Concatenated-BTCUSDT-1d-2023-4-concatenated, Profit: 10000, Use Case: Unknown Use Case, Timeframe: Unknown Timeframe

2024-06-10 16:23:31,594 - Unknown use case for strategy RSI65 & Stochastic14_3_80_20
2024-06-10 16:23:31,594 - Completed Strategy: RSI65 & Stochastic14_3_80_20, Coin: Concatenated-BTCUSDT-1d-2023-4-concatenated, Profit: 10000, Use Case: Unknown Use Case, Timeframe: Unknown Timeframe

2024-06-10 16:23:31,595 -   BUY: Strategy=RSI65 & Stochastic14_3_85_15, Price=29222.78
2024-06-10 16:23:31,595 -   SELL: Strategy=RSI65 & Stochastic14_3_85_15, Price=27210.26
2024-06-10 16:23:31,595 - Unknown use case for strategy RSI65 & Stochastic14_3_85_15
2024-06-10 16:23:31,595 - Completed Strategy: RSI65 & Stochastic14_3_85_15, Coin: Concatenated-BTCUSDT-1d-2023-4-concatenated, Profit: 9311.31808814904, Use Case: Unknown Use Case, Timeframe: Unknown Timeframe

2024-06-10 16:23:31,596 -   BUY: Strategy=RSI65 & Stochastic10_3_80_20, Price=39568.02
2024-06-10 16:23:31,596 -   SELL: Strategy=RSI65 & Stochastic10_3_80_20, Price=66206.5
2024-06-10 16:23:31,596 - Unknown use case for strategy RSI65 & Stochastic10_3_80_20
2024-06-10 16:23:31,596 - Completed Strategy: RSI65 & Stochastic10_3_80_20, Coin: Concatenated-BTCUSDT-1d-2023-4-concatenated, Profit: 16732.325751958273, Use Case: Unknown Use Case, Timeframe: Unknown Timeframe

2024-06-10 16:23:31,597 -   BUY: Strategy=RSI65 & Stochastic10_3_85_15, Price=39568.02
2024-06-10 16:23:31,597 -   SELL: Strategy=RSI65 & Stochastic10_3_85_15, Price=66206.5
2024-06-10 16:23:31,597 - Unknown use case for strategy RSI65 & Stochastic10_3_85_15
2024-06-10 16:23:31,597 - Completed Strategy: RSI65 & Stochastic10_3_85_15, Coin: Concatenated-BTCUSDT-1d-2023-4-concatenated, Profit: 16732.325751958273, Use Case: Unknown Use Case, Timeframe: Unknown Timeframe

2024-06-10 16:23:31,597 - Unknown use case for strategy RSI65 & Stochastic21_5_80_20
2024-06-10 16:23:31,597 - Completed Strategy: RSI65 & Stochastic21_5_80_20, Coin: Concatenated-BTCUSDT-1d-2023-4-concatenated, Profit: 10000, Use Case: Unknown Use Case, Timeframe: Unknown Timeframe

2024-06-10 16:23:31,598 -   BUY: Strategy=RSI65 & Stochastic21_5_85_15, Price=29222.78
2024-06-10 16:23:31,598 -   SELL: Strategy=RSI65 & Stochastic21_5_85_15, Price=27992.57
2024-06-10 16:23:31,598 - Unknown use case for strategy RSI65 & Stochastic21_5_85_15
2024-06-10 16:23:31,598 - Completed Strategy: RSI65 & Stochastic21_5_85_15, Coin: Concatenated-BTCUSDT-1d-2023-4-concatenated, Profit: 9579.023624720168, Use Case: Unknown Use Case, Timeframe: Unknown Timeframe

2024-06-10 16:23:31,599 - Unknown use case for strategy RSI66 & Stochastic14_3_80_20
2024-06-10 16:23:31,599 - Completed Strategy: RSI66 & Stochastic14_3_80_20, Coin: Concatenated-BTCUSDT-1d-2023-4-concatenated, Profit: 10000, Use Case: Unknown Use Case, Timeframe: Unknown Timeframe

2024-06-10 16:23:31,599 -   BUY: Strategy=RSI66 & Stochastic14_3_85_15, Price=29222.78
2024-06-10 16:23:31,599 -   SELL: Strategy=RSI66 & Stochastic14_3_85_15, Price=27210.26
2024-06-10 16:23:31,599 - Unknown use case for strategy RSI66 & Stochastic14_3_85_15
2024-06-10 16:23:31,599 - Completed Strategy: RSI66 & Stochastic14_3_85_15, Coin: Concatenated-BTCUSDT-1d-2023-4-concatenated, Profit: 9311.31808814904, Use Case: Unknown Use Case, Timeframe: Unknown Timeframe

2024-06-10 16:23:31,600 -   BUY: Strategy=RSI66 & Stochastic10_3_80_20, Price=39568.02
2024-06-10 16:23:31,600 -   SELL: Strategy=RSI66 & Stochastic10_3_80_20, Price=66206.5
2024-06-10 16:23:31,600 - Unknown use case for strategy RSI66 & Stochastic10_3_80_20
2024-06-10 16:23:31,600 - Completed Strategy: RSI66 & Stochastic10_3_80_20, Coin: Concatenated-BTCUSDT-1d-2023-4-concatenated, Profit: 16732.325751958273, Use Case: Unknown Use Case, Timeframe: Unknown Timeframe

2024-06-10 16:23:31,601 -   BUY: Strategy=RSI66 & Stochastic10_3_85_15, Price=39568.02
2024-06-10 16:23:31,601 -   SELL: Strategy=RSI66 & Stochastic10_3_85_15, Price=66206.5
2024-06-10 16:23:31,601 - Unknown use case for strategy RSI66 & Stochastic10_3_85_15
2024-06-10 16:23:31,601 - Completed Strategy: RSI66 & Stochastic10_3_85_15, Coin: Concatenated-BTCUSDT-1d-2023-4-concatenated, Profit: 16732.325751958273, Use Case: Unknown Use Case, Timeframe: Unknown Timeframe

2024-06-10 16:23:31,602 - Unknown use case for strategy RSI66 & Stochastic21_5_80_20
2024-06-10 16:23:31,602 - Completed Strategy: RSI66 & Stochastic21_5_80_20, Coin: Concatenated-BTCUSDT-1d-2023-4-concatenated, Profit: 10000, Use Case: Unknown Use Case, Timeframe: Unknown Timeframe

2024-06-10 16:23:31,602 -   BUY: Strategy=RSI66 & Stochastic21_5_85_15, Price=29222.78
2024-06-10 16:23:31,602 -   SELL: Strategy=RSI66 & Stochastic21_5_85_15, Price=27992.57
2024-06-10 16:23:31,602 - Unknown use case for strategy RSI66 & Stochastic21_5_85_15
2024-06-10 16:23:31,602 - Completed Strategy: RSI66 & Stochastic21_5_85_15, Coin: Concatenated-BTCUSDT-1d-2023-4-concatenated, Profit: 9579.023624720168, Use Case: Unknown Use Case, Timeframe: Unknown Timeframe

2024-06-10 16:23:31,603 - Unknown use case for strategy RSI67 & Stochastic14_3_80_20
2024-06-10 16:23:31,603 - Completed Strategy: RSI67 & Stochastic14_3_80_20, Coin: Concatenated-BTCUSDT-1d-2023-4-concatenated, Profit: 10000, Use Case: Unknown Use Case, Timeframe: Unknown Timeframe

2024-06-10 16:23:31,604 -   BUY: Strategy=RSI67 & Stochastic14_3_85_15, Price=29222.78
2024-06-10 16:23:31,604 -   SELL: Strategy=RSI67 & Stochastic14_3_85_15, Price=27210.26
2024-06-10 16:23:31,604 - Unknown use case for strategy RSI67 & Stochastic14_3_85_15
2024-06-10 16:23:31,604 - Completed Strategy: RSI67 & Stochastic14_3_85_15, Coin: Concatenated-BTCUSDT-1d-2023-4-concatenated, Profit: 9311.31808814904, Use Case: Unknown Use Case, Timeframe: Unknown Timeframe

2024-06-10 16:23:31,604 -   BUY: Strategy=RSI67 & Stochastic10_3_80_20, Price=39568.02
2024-06-10 16:23:31,604 -   SELL: Strategy=RSI67 & Stochastic10_3_80_20, Price=66206.5
2024-06-10 16:23:31,604 - Unknown use case for strategy RSI67 & Stochastic10_3_80_20
2024-06-10 16:23:31,604 - Completed Strategy: RSI67 & Stochastic10_3_80_20, Coin: Concatenated-BTCUSDT-1d-2023-4-concatenated, Profit: 16732.325751958273, Use Case: Unknown Use Case, Timeframe: Unknown Timeframe

2024-06-10 16:23:31,605 -   BUY: Strategy=RSI67 & Stochastic10_3_85_15, Price=39568.02
2024-06-10 16:23:31,605 -   SELL: Strategy=RSI67 & Stochastic10_3_85_15, Price=66206.5
2024-06-10 16:23:31,605 - Unknown use case for strategy RSI67 & Stochastic10_3_85_15
2024-06-10 16:23:31,605 - Completed Strategy: RSI67 & Stochastic10_3_85_15, Coin: Concatenated-BTCUSDT-1d-2023-4-concatenated, Profit: 16732.325751958273, Use Case: Unknown Use Case, Timeframe: Unknown Timeframe

2024-06-10 16:23:31,606 - Unknown use case for strategy RSI67 & Stochastic21_5_80_20
2024-06-10 16:23:31,606 - Completed Strategy: RSI67 & Stochastic21_5_80_20, Coin: Concatenated-BTCUSDT-1d-2023-4-concatenated, Profit: 10000, Use Case: Unknown Use Case, Timeframe: Unknown Timeframe

2024-06-10 16:23:31,606 -   BUY: Strategy=RSI67 & Stochastic21_5_85_15, Price=29222.78
2024-06-10 16:23:31,607 -   SELL: Strategy=RSI67 & Stochastic21_5_85_15, Price=27992.57
2024-06-10 16:23:31,607 - Unknown use case for strategy RSI67 & Stochastic21_5_85_15
2024-06-10 16:23:31,607 - Completed Strategy: RSI67 & Stochastic21_5_85_15, Coin: Concatenated-BTCUSDT-1d-2023-4-concatenated, Profit: 9579.023624720168, Use Case: Unknown Use Case, Timeframe: Unknown Timeframe

2024-06-10 16:23:31,607 - Unknown use case for strategy RSI68 & Stochastic14_3_80_20
2024-06-10 16:23:31,608 - Completed Strategy: RSI68 & Stochastic14_3_80_20, Coin: Concatenated-BTCUSDT-1d-2023-4-concatenated, Profit: 10000, Use Case: Unknown Use Case, Timeframe: Unknown Timeframe

2024-06-10 16:23:31,608 -   BUY: Strategy=RSI68 & Stochastic14_3_85_15, Price=29222.78
2024-06-10 16:23:31,608 -   SELL: Strategy=RSI68 & Stochastic14_3_85_15, Price=27210.26
2024-06-10 16:23:31,608 - Unknown use case for strategy RSI68 & Stochastic14_3_85_15
2024-06-10 16:23:31,608 - Completed Strategy: RSI68 & Stochastic14_3_85_15, Coin: Concatenated-BTCUSDT-1d-2023-4-concatenated, Profit: 9311.31808814904, Use Case: Unknown Use Case, Timeframe: Unknown Timeframe

2024-06-10 16:23:31,609 -   BUY: Strategy=RSI68 & Stochastic10_3_80_20, Price=39568.02
2024-06-10 16:23:31,609 -   SELL: Strategy=RSI68 & Stochastic10_3_80_20, Price=66206.5
2024-06-10 16:23:31,609 - Unknown use case for strategy RSI68 & Stochastic10_3_80_20
2024-06-10 16:23:31,609 - Completed Strategy: RSI68 & Stochastic10_3_80_20, Coin: Concatenated-BTCUSDT-1d-2023-4-concatenated, Profit: 16732.325751958273, Use Case: Unknown Use Case, Timeframe: Unknown Timeframe

2024-06-10 16:23:31,610 -   BUY: Strategy=RSI68 & Stochastic10_3_85_15, Price=39568.02
2024-06-10 16:23:31,610 -   SELL: Strategy=RSI68 & Stochastic10_3_85_15, Price=66206.5
2024-06-10 16:23:31,610 - Unknown use case for strategy RSI68 & Stochastic10_3_85_15
2024-06-10 16:23:31,610 - Completed Strategy: RSI68 & Stochastic10_3_85_15, Coin: Concatenated-BTCUSDT-1d-2023-4-concatenated, Profit: 16732.325751958273, Use Case: Unknown Use Case, Timeframe: Unknown Timeframe

2024-06-10 16:23:31,610 - Unknown use case for strategy RSI68 & Stochastic21_5_80_20
2024-06-10 16:23:31,610 - Completed Strategy: RSI68 & Stochastic21_5_80_20, Coin: Concatenated-BTCUSDT-1d-2023-4-concatenated, Profit: 10000, Use Case: Unknown Use Case, Timeframe: Unknown Timeframe

2024-06-10 16:23:31,611 -   BUY: Strategy=RSI68 & Stochastic21_5_85_15, Price=29222.78
2024-06-10 16:23:31,611 -   SELL: Strategy=RSI68 & Stochastic21_5_85_15, Price=27992.57
2024-06-10 16:23:31,611 - Unknown use case for strategy RSI68 & Stochastic21_5_85_15
2024-06-10 16:23:31,611 - Completed Strategy: RSI68 & Stochastic21_5_85_15, Coin: Concatenated-BTCUSDT-1d-2023-4-concatenated, Profit: 9579.023624720168, Use Case: Unknown Use Case, Timeframe: Unknown Timeframe

2024-06-10 16:23:31,612 - Unknown use case for strategy RSI69 & Stochastic14_3_80_20
2024-06-10 16:23:31,612 - Completed Strategy: RSI69 & Stochastic14_3_80_20, Coin: Concatenated-BTCUSDT-1d-2023-4-concatenated, Profit: 10000, Use Case: Unknown Use Case, Timeframe: Unknown Timeframe

2024-06-10 16:23:31,612 -   BUY: Strategy=RSI69 & Stochastic14_3_85_15, Price=29222.78
2024-06-10 16:23:31,612 -   SELL: Strategy=RSI69 & Stochastic14_3_85_15, Price=27992.57
2024-06-10 16:23:31,612 - Unknown use case for strategy RSI69 & Stochastic14_3_85_15
2024-06-10 16:23:31,612 - Completed Strategy: RSI69 & Stochastic14_3_85_15, Coin: Concatenated-BTCUSDT-1d-2023-4-concatenated, Profit: 9579.023624720168, Use Case: Unknown Use Case, Timeframe: Unknown Timeframe

2024-06-10 16:23:31,613 -   BUY: Strategy=RSI69 & Stochastic10_3_80_20, Price=39568.02
2024-06-10 16:23:31,613 - Unknown use case for strategy RSI69 & Stochastic10_3_80_20
2024-06-10 16:23:31,613 - Completed Strategy: RSI69 & Stochastic10_3_80_20, Coin: Concatenated-BTCUSDT-1d-2023-4-concatenated, Profit: 17069.342868306274, Use Case: Unknown Use Case, Timeframe: Unknown Timeframe

2024-06-10 16:23:31,614 -   BUY: Strategy=RSI69 & Stochastic10_3_85_15, Price=39568.02
2024-06-10 16:23:31,614 - Unknown use case for strategy RSI69 & Stochastic10_3_85_15
2024-06-10 16:23:31,614 - Completed Strategy: RSI69 & Stochastic10_3_85_15, Coin: Concatenated-BTCUSDT-1d-2023-4-concatenated, Profit: 17069.342868306274, Use Case: Unknown Use Case, Timeframe: Unknown Timeframe

2024-06-10 16:23:31,614 - Unknown use case for strategy RSI69 & Stochastic21_5_80_20
2024-06-10 16:23:31,614 - Completed Strategy: RSI69 & Stochastic21_5_80_20, Coin: Concatenated-BTCUSDT-1d-2023-4-concatenated, Profit: 10000, Use Case: Unknown Use Case, Timeframe: Unknown Timeframe

2024-06-10 16:23:31,615 -   BUY: Strategy=RSI69 & Stochastic21_5_85_15, Price=29222.78
2024-06-10 16:23:31,615 -   SELL: Strategy=RSI69 & Stochastic21_5_85_15, Price=27992.57
2024-06-10 16:23:31,615 - Unknown use case for strategy RSI69 & Stochastic21_5_85_15
2024-06-10 16:23:31,615 - Completed Strategy: RSI69 & Stochastic21_5_85_15, Coin: Concatenated-BTCUSDT-1d-2023-4-concatenated, Profit: 9579.023624720168, Use Case: Unknown Use Case, Timeframe: Unknown Timeframe

2024-06-10 16:23:31,616 - Unknown use case for strategy RSI70 & Stochastic14_3_80_20
2024-06-10 16:23:31,616 - Completed Strategy: RSI70 & Stochastic14_3_80_20, Coin: Concatenated-BTCUSDT-1d-2023-4-concatenated, Profit: 10000, Use Case: Unknown Use Case, Timeframe: Unknown Timeframe

2024-06-10 16:23:31,616 -   BUY: Strategy=RSI70 & Stochastic14_3_85_15, Price=29222.78
2024-06-10 16:23:31,617 -   SELL: Strategy=RSI70 & Stochastic14_3_85_15, Price=54476.47
2024-06-10 16:23:31,617 - Unknown use case for strategy RSI70 & Stochastic14_3_85_15
2024-06-10 16:23:31,617 - Completed Strategy: RSI70 & Stochastic14_3_85_15, Coin: Concatenated-BTCUSDT-1d-2023-4-concatenated, Profit: 18641.78219868199, Use Case: Unknown Use Case, Timeframe: Unknown Timeframe

2024-06-10 16:23:31,617 -   BUY: Strategy=RSI70 & Stochastic10_3_80_20, Price=39568.02
2024-06-10 16:23:31,617 -   SELL: Strategy=RSI70 & Stochastic10_3_80_20, Price=54476.47
2024-06-10 16:23:31,617 - Unknown use case for strategy RSI70 & Stochastic10_3_80_20
2024-06-10 16:23:31,617 - Completed Strategy: RSI70 & Stochastic10_3_80_20, Coin: Concatenated-BTCUSDT-1d-2023-4-concatenated, Profit: 13767.802887281194, Use Case: Unknown Use Case, Timeframe: Unknown Timeframe

2024-06-10 16:23:31,618 -   BUY: Strategy=RSI70 & Stochastic10_3_85_15, Price=39568.02
2024-06-10 16:23:31,618 -   SELL: Strategy=RSI70 & Stochastic10_3_85_15, Price=54476.47
2024-06-10 16:23:31,618 - Unknown use case for strategy RSI70 & Stochastic10_3_85_15
2024-06-10 16:23:31,618 - Completed Strategy: RSI70 & Stochastic10_3_85_15, Coin: Concatenated-BTCUSDT-1d-2023-4-concatenated, Profit: 13767.802887281194, Use Case: Unknown Use Case, Timeframe: Unknown Timeframe

2024-06-10 16:23:31,619 - Unknown use case for strategy RSI70 & Stochastic21_5_80_20
2024-06-10 16:23:31,619 - Completed Strategy: RSI70 & Stochastic21_5_80_20, Coin: Concatenated-BTCUSDT-1d-2023-4-concatenated, Profit: 10000, Use Case: Unknown Use Case, Timeframe: Unknown Timeframe

2024-06-10 16:23:31,619 -   BUY: Strategy=RSI70 & Stochastic21_5_85_15, Price=29222.78
2024-06-10 16:23:31,619 - Unknown use case for strategy RSI70 & Stochastic21_5_85_15
2024-06-10 16:23:31,619 - Completed Strategy: RSI70 & Stochastic21_5_85_15, Coin: Concatenated-BTCUSDT-1d-2023-4-concatenated, Profit: 23112.109799273032, Use Case: Unknown Use Case, Timeframe: Unknown Timeframe

2024-06-10 16:23:31,620 - Unknown use case for strategy RSI71 & Stochastic14_3_80_20
2024-06-10 16:23:31,620 - Completed Strategy: RSI71 & Stochastic14_3_80_20, Coin: Concatenated-BTCUSDT-1d-2023-4-concatenated, Profit: 10000, Use Case: Unknown Use Case, Timeframe: Unknown Timeframe

2024-06-10 16:23:31,620 -   BUY: Strategy=RSI71 & Stochastic14_3_85_15, Price=29222.78
2024-06-10 16:23:31,621 -   SELL: Strategy=RSI71 & Stochastic14_3_85_15, Price=54476.47
2024-06-10 16:23:31,621 - Unknown use case for strategy RSI71 & Stochastic14_3_85_15
2024-06-10 16:23:31,621 - Completed Strategy: RSI71 & Stochastic14_3_85_15, Coin: Concatenated-BTCUSDT-1d-2023-4-concatenated, Profit: 18641.78219868199, Use Case: Unknown Use Case, Timeframe: Unknown Timeframe

2024-06-10 16:23:31,621 -   BUY: Strategy=RSI71 & Stochastic10_3_80_20, Price=39568.02
2024-06-10 16:23:31,621 -   SELL: Strategy=RSI71 & Stochastic10_3_80_20, Price=54476.47
2024-06-10 16:23:31,621 - Unknown use case for strategy RSI71 & Stochastic10_3_80_20
2024-06-10 16:23:31,621 - Completed Strategy: RSI71 & Stochastic10_3_80_20, Coin: Concatenated-BTCUSDT-1d-2023-4-concatenated, Profit: 13767.802887281194, Use Case: Unknown Use Case, Timeframe: Unknown Timeframe

2024-06-10 16:23:31,622 -   BUY: Strategy=RSI71 & Stochastic10_3_85_15, Price=39568.02
2024-06-10 16:23:31,622 -   SELL: Strategy=RSI71 & Stochastic10_3_85_15, Price=54476.47
2024-06-10 16:23:31,622 - Unknown use case for strategy RSI71 & Stochastic10_3_85_15
2024-06-10 16:23:31,622 - Completed Strategy: RSI71 & Stochastic10_3_85_15, Coin: Concatenated-BTCUSDT-1d-2023-4-concatenated, Profit: 13767.802887281194, Use Case: Unknown Use Case, Timeframe: Unknown Timeframe

2024-06-10 16:23:31,623 - Unknown use case for strategy RSI71 & Stochastic21_5_80_20
2024-06-10 16:23:31,623 - Completed Strategy: RSI71 & Stochastic21_5_80_20, Coin: Concatenated-BTCUSDT-1d-2023-4-concatenated, Profit: 10000, Use Case: Unknown Use Case, Timeframe: Unknown Timeframe

2024-06-10 16:23:31,624 -   BUY: Strategy=RSI71 & Stochastic21_5_85_15, Price=29222.78
2024-06-10 16:23:31,624 -   SELL: Strategy=RSI71 & Stochastic21_5_85_15, Price=51568.22
2024-06-10 16:23:31,624 - Unknown use case for strategy RSI71 & Stochastic21_5_85_15
2024-06-10 16:23:31,624 - Completed Strategy: RSI71 & Stochastic21_5_85_15, Coin: Concatenated-BTCUSDT-1d-2023-4-concatenated, Profit: 17646.582563329022, Use Case: Unknown Use Case, Timeframe: Unknown Timeframe

2024-06-10 16:23:31,625 - Unknown use case for strategy RSI72 & Stochastic14_3_80_20
2024-06-10 16:23:31,625 - Completed Strategy: RSI72 & Stochastic14_3_80_20, Coin: Concatenated-BTCUSDT-1d-2023-4-concatenated, Profit: 10000, Use Case: Unknown Use Case, Timeframe: Unknown Timeframe

2024-06-10 16:23:31,626 -   BUY: Strategy=RSI72 & Stochastic14_3_85_15, Price=29222.78
2024-06-10 16:23:31,626 -   SELL: Strategy=RSI72 & Stochastic14_3_85_15, Price=54476.47
2024-06-10 16:23:31,626 - Unknown use case for strategy RSI72 & Stochastic14_3_85_15
2024-06-10 16:23:31,626 - Completed Strategy: RSI72 & Stochastic14_3_85_15, Coin: Concatenated-BTCUSDT-1d-2023-4-concatenated, Profit: 18641.78219868199, Use Case: Unknown Use Case, Timeframe: Unknown Timeframe

2024-06-10 16:23:31,627 -   BUY: Strategy=RSI72 & Stochastic10_3_80_20, Price=39568.02
2024-06-10 16:23:31,627 -   SELL: Strategy=RSI72 & Stochastic10_3_80_20, Price=54476.47
2024-06-10 16:23:31,627 - Unknown use case for strategy RSI72 & Stochastic10_3_80_20
2024-06-10 16:23:31,627 - Completed Strategy: RSI72 & Stochastic10_3_80_20, Coin: Concatenated-BTCUSDT-1d-2023-4-concatenated, Profit: 13767.802887281194, Use Case: Unknown Use Case, Timeframe: Unknown Timeframe

2024-06-10 16:23:31,628 -   BUY: Strategy=RSI72 & Stochastic10_3_85_15, Price=39568.02
2024-06-10 16:23:31,628 -   SELL: Strategy=RSI72 & Stochastic10_3_85_15, Price=54476.47
2024-06-10 16:23:31,628 - Unknown use case for strategy RSI72 & Stochastic10_3_85_15
2024-06-10 16:23:31,628 - Completed Strategy: RSI72 & Stochastic10_3_85_15, Coin: Concatenated-BTCUSDT-1d-2023-4-concatenated, Profit: 13767.802887281194, Use Case: Unknown Use Case, Timeframe: Unknown Timeframe

2024-06-10 16:23:31,629 - Unknown use case for strategy RSI72 & Stochastic21_5_80_20
2024-06-10 16:23:31,629 - Completed Strategy: RSI72 & Stochastic21_5_80_20, Coin: Concatenated-BTCUSDT-1d-2023-4-concatenated, Profit: 10000, Use Case: Unknown Use Case, Timeframe: Unknown Timeframe

2024-06-10 16:23:31,629 -   BUY: Strategy=RSI72 & Stochastic21_5_85_15, Price=29222.78
2024-06-10 16:23:31,629 - Unknown use case for strategy RSI72 & Stochastic21_5_85_15
2024-06-10 16:23:31,629 - Completed Strategy: RSI72 & Stochastic21_5_85_15, Coin: Concatenated-BTCUSDT-1d-2023-4-concatenated, Profit: 23112.109799273032, Use Case: Unknown Use Case, Timeframe: Unknown Timeframe

2024-06-10 16:23:31,630 - Unknown use case for strategy RSI73 & Stochastic14_3_80_20
2024-06-10 16:23:31,630 - Completed Strategy: RSI73 & Stochastic14_3_80_20, Coin: Concatenated-BTCUSDT-1d-2023-4-concatenated, Profit: 10000, Use Case: Unknown Use Case, Timeframe: Unknown Timeframe

2024-06-10 16:23:31,631 -   BUY: Strategy=RSI73 & Stochastic14_3_85_15, Price=29222.78
2024-06-10 16:23:31,631 -   SELL: Strategy=RSI73 & Stochastic14_3_85_15, Price=54476.47
2024-06-10 16:23:31,631 - Unknown use case for strategy RSI73 & Stochastic14_3_85_15
2024-06-10 16:23:31,631 - Completed Strategy: RSI73 & Stochastic14_3_85_15, Coin: Concatenated-BTCUSDT-1d-2023-4-concatenated, Profit: 18641.78219868199, Use Case: Unknown Use Case, Timeframe: Unknown Timeframe

2024-06-10 16:23:31,631 -   BUY: Strategy=RSI73 & Stochastic10_3_80_20, Price=39568.02
2024-06-10 16:23:31,631 -   SELL: Strategy=RSI73 & Stochastic10_3_80_20, Price=54476.47
2024-06-10 16:23:31,631 - Unknown use case for strategy RSI73 & Stochastic10_3_80_20
2024-06-10 16:23:31,631 - Completed Strategy: RSI73 & Stochastic10_3_80_20, Coin: Concatenated-BTCUSDT-1d-2023-4-concatenated, Profit: 13767.802887281194, Use Case: Unknown Use Case, Timeframe: Unknown Timeframe

2024-06-10 16:23:31,632 -   BUY: Strategy=RSI73 & Stochastic10_3_85_15, Price=39568.02
2024-06-10 16:23:31,632 -   SELL: Strategy=RSI73 & Stochastic10_3_85_15, Price=54476.47
2024-06-10 16:23:31,632 - Unknown use case for strategy RSI73 & Stochastic10_3_85_15
2024-06-10 16:23:31,632 - Completed Strategy: RSI73 & Stochastic10_3_85_15, Coin: Concatenated-BTCUSDT-1d-2023-4-concatenated, Profit: 13767.802887281194, Use Case: Unknown Use Case, Timeframe: Unknown Timeframe

2024-06-10 16:23:31,633 - Unknown use case for strategy RSI73 & Stochastic21_5_80_20
2024-06-10 16:23:31,633 - Completed Strategy: RSI73 & Stochastic21_5_80_20, Coin: Concatenated-BTCUSDT-1d-2023-4-concatenated, Profit: 10000, Use Case: Unknown Use Case, Timeframe: Unknown Timeframe

2024-06-10 16:23:31,633 -   BUY: Strategy=RSI73 & Stochastic21_5_85_15, Price=29222.78
2024-06-10 16:23:31,633 - Unknown use case for strategy RSI73 & Stochastic21_5_85_15
2024-06-10 16:23:31,633 - Completed Strategy: RSI73 & Stochastic21_5_85_15, Coin: Concatenated-BTCUSDT-1d-2023-4-concatenated, Profit: 23112.109799273032, Use Case: Unknown Use Case, Timeframe: Unknown Timeframe

2024-06-10 16:23:31,634 - Unknown use case for strategy RSI74 & Stochastic14_3_80_20
2024-06-10 16:23:31,634 - Completed Strategy: RSI74 & Stochastic14_3_80_20, Coin: Concatenated-BTCUSDT-1d-2023-4-concatenated, Profit: 10000, Use Case: Unknown Use Case, Timeframe: Unknown Timeframe

2024-06-10 16:23:31,635 -   BUY: Strategy=RSI74 & Stochastic14_3_85_15, Price=29222.78
2024-06-10 16:23:31,635 - Unknown use case for strategy RSI74 & Stochastic14_3_85_15
2024-06-10 16:23:31,635 - Completed Strategy: RSI74 & Stochastic14_3_85_15, Coin: Concatenated-BTCUSDT-1d-2023-4-concatenated, Profit: 23112.109799273032, Use Case: Unknown Use Case, Timeframe: Unknown Timeframe

2024-06-10 16:23:31,635 -   BUY: Strategy=RSI74 & Stochastic10_3_80_20, Price=39568.02
2024-06-10 16:23:31,635 -   SELL: Strategy=RSI74 & Stochastic10_3_80_20, Price=66074.04
2024-06-10 16:23:31,635 - Unknown use case for strategy RSI74 & Stochastic10_3_80_20
2024-06-10 16:23:31,635 - Completed Strategy: RSI74 & Stochastic10_3_80_20, Coin: Concatenated-BTCUSDT-1d-2023-4-concatenated, Profit: 16698.84922217488, Use Case: Unknown Use Case, Timeframe: Unknown Timeframe

2024-06-10 16:23:31,636 -   BUY: Strategy=RSI74 & Stochastic10_3_85_15, Price=39568.02
2024-06-10 16:23:31,636 - Unknown use case for strategy RSI74 & Stochastic10_3_85_15
2024-06-10 16:23:31,636 - Completed Strategy: RSI74 & Stochastic10_3_85_15, Coin: Concatenated-BTCUSDT-1d-2023-4-concatenated, Profit: 17069.342868306274, Use Case: Unknown Use Case, Timeframe: Unknown Timeframe

2024-06-10 16:23:31,637 - Unknown use case for strategy RSI74 & Stochastic21_5_80_20
2024-06-10 16:23:31,637 - Completed Strategy: RSI74 & Stochastic21_5_80_20, Coin: Concatenated-BTCUSDT-1d-2023-4-concatenated, Profit: 10000, Use Case: Unknown Use Case, Timeframe: Unknown Timeframe

2024-06-10 16:23:31,637 -   BUY: Strategy=RSI74 & Stochastic21_5_85_15, Price=29222.78
2024-06-10 16:23:31,637 - Unknown use case for strategy RSI74 & Stochastic21_5_85_15
2024-06-10 16:23:31,638 - Completed Strategy: RSI74 & Stochastic21_5_85_15, Coin: Concatenated-BTCUSDT-1d-2023-4-concatenated, Profit: 23112.109799273032, Use Case: Unknown Use Case, Timeframe: Unknown Timeframe

2024-06-10 16:23:31,638 -   BUY: Strategy=RSI75 & Stochastic14_3_80_20, Price=25128.6
2024-06-10 16:23:31,638 - Unknown use case for strategy RSI75 & Stochastic14_3_80_20
2024-06-10 16:23:31,638 - Completed Strategy: RSI75 & Stochastic14_3_80_20, Coin: Concatenated-BTCUSDT-1d-2023-4-concatenated, Profit: 26877.744880335555, Use Case: Unknown Use Case, Timeframe: Unknown Timeframe

2024-06-10 16:23:31,639 -   BUY: Strategy=RSI75 & Stochastic14_3_85_15, Price=25128.6
2024-06-10 16:23:31,639 -   SELL: Strategy=RSI75 & Stochastic14_3_85_15, Price=30688.5
2024-06-10 16:23:31,639 -   BUY: Strategy=RSI75 & Stochastic14_3_85_15, Price=29222.78
2024-06-10 16:23:31,639 -   SELL: Strategy=RSI75 & Stochastic14_3_85_15, Price=66823.17
2024-06-10 16:23:31,639 - Unknown use case for strategy RSI75 & Stochastic14_3_85_15
2024-06-10 16:23:31,639 - Completed Strategy: RSI75 & Stochastic14_3_85_15, Coin: Concatenated-BTCUSDT-1d-2023-4-concatenated, Profit: 27926.268787259483, Use Case: Unknown Use Case, Timeframe: Unknown Timeframe

2024-06-10 16:23:31,640 -   BUY: Strategy=RSI75 & Stochastic10_3_80_20, Price=25128.6
2024-06-10 16:23:31,640 - Unknown use case for strategy RSI75 & Stochastic10_3_80_20
2024-06-10 16:23:31,640 - Completed Strategy: RSI75 & Stochastic10_3_80_20, Coin: Concatenated-BTCUSDT-1d-2023-4-concatenated, Profit: 26877.744880335555, Use Case: Unknown Use Case, Timeframe: Unknown Timeframe

2024-06-10 16:23:31,641 -   BUY: Strategy=RSI75 & Stochastic10_3_85_15, Price=25128.6
2024-06-10 16:23:31,641 -   SELL: Strategy=RSI75 & Stochastic10_3_85_15, Price=30688.5
2024-06-10 16:23:31,641 -   BUY: Strategy=RSI75 & Stochastic10_3_85_15, Price=39568.02
2024-06-10 16:23:31,641 -   SELL: Strategy=RSI75 & Stochastic10_3_85_15, Price=66823.17
2024-06-10 16:23:31,641 - Unknown use case for strategy RSI75 & Stochastic10_3_85_15
2024-06-10 16:23:31,641 - Completed Strategy: RSI75 & Stochastic10_3_85_15, Coin: Concatenated-BTCUSDT-1d-2023-4-concatenated, Profit: 20624.81794618358, Use Case: Unknown Use Case, Timeframe: Unknown Timeframe

2024-06-10 16:23:31,642 - Unknown use case for strategy RSI75 & Stochastic21_5_80_20
2024-06-10 16:23:31,642 - Completed Strategy: RSI75 & Stochastic21_5_80_20, Coin: Concatenated-BTCUSDT-1d-2023-4-concatenated, Profit: 10000, Use Case: Unknown Use Case, Timeframe: Unknown Timeframe

2024-06-10 16:23:31,643 -   BUY: Strategy=RSI75 & Stochastic21_5_85_15, Price=25128.6
2024-06-10 16:23:31,643 -   SELL: Strategy=RSI75 & Stochastic21_5_85_15, Price=30688.5
2024-06-10 16:23:31,643 -   BUY: Strategy=RSI75 & Stochastic21_5_85_15, Price=29222.78
2024-06-10 16:23:31,643 -   SELL: Strategy=RSI75 & Stochastic21_5_85_15, Price=66823.17
2024-06-10 16:23:31,643 - Unknown use case for strategy RSI75 & Stochastic21_5_85_15
2024-06-10 16:23:31,643 - Completed Strategy: RSI75 & Stochastic21_5_85_15, Coin: Concatenated-BTCUSDT-1d-2023-4-concatenated, Profit: 27926.268787259483, Use Case: Unknown Use Case, Timeframe: Unknown Timeframe

